10:15:54 **** Build of configuration Debug for project cv4 ****
make -j4 all 
arm-none-eabi-gcc "../Drivers/STM32F0xx_HAL_Driver/Src/stm32f0xx_hal.c" -mcpu=cortex-m0 -std=gnu11 -g3 -DDEBUG -DUSE_HAL_DRIVER -DSTM32F030x8 -c -I../Core/Inc -I../Drivers/STM32F0xx_HAL_Driver/Inc -I../Drivers/STM32F0xx_HAL_Driver/Inc/Legacy -I../Drivers/CMSIS/Device/ST/STM32F0xx/Include -I../Drivers/CMSIS/Include -O0 -ffunction-sections -fdata-sections -Wall -fstack-usage -fcyclomatic-complexity -MMD -MP -MF"Drivers/STM32F0xx_HAL_Driver/Src/stm32f0xx_hal.d" -MT"Drivers/STM32F0xx_HAL_Driver/Src/stm32f0xx_hal.o" --specs=nano.specs -mfloat-abi=soft -mthumb -o "Drivers/STM32F0xx_HAL_Driver/Src/stm32f0xx_hal.o"
arm-none-eabi-gcc "../Drivers/STM32F0xx_HAL_Driver/Src/stm32f0xx_hal_adc.c" -mcpu=cortex-m0 -std=gnu11 -g3 -DDEBUG -DUSE_HAL_DRIVER -DSTM32F030x8 -c -I../Core/Inc -I../Drivers/STM32F0xx_HAL_Driver/Inc -I../Drivers/STM32F0xx_HAL_Driver/Inc/Legacy -I../Drivers/CMSIS/Device/ST/STM32F0xx/Include -I../Drivers/CMSIS/Include -O0 -ffunction-sections -fdata-sections -Wall -fstack-usage -fcyclomatic-complexity -MMD -MP -MF"Drivers/STM32F0xx_HAL_Driver/Src/stm32f0xx_hal_adc.d" -MT"Drivers/STM32F0xx_HAL_Driver/Src/stm32f0xx_hal_adc.o" --specs=nano.specs -mfloat-abi=soft -mthumb -o "Drivers/STM32F0xx_HAL_Driver/Src/stm32f0xx_hal_adc.o"
arm-none-eabi-gcc "../Drivers/STM32F0xx_HAL_Driver/Src/stm32f0xx_hal_adc_ex.c" -mcpu=cortex-m0 -std=gnu11 -g3 -DDEBUG -DUSE_HAL_DRIVER -DSTM32F030x8 -c -I../Core/Inc -I../Drivers/STM32F0xx_HAL_Driver/Inc -I../Drivers/STM32F0xx_HAL_Driver/Inc/Legacy -I../Drivers/CMSIS/Device/ST/STM32F0xx/Include -I../Drivers/CMSIS/Include -O0 -ffunction-sections -fdata-sections -Wall -fstack-usage -fcyclomatic-complexity -MMD -MP -MF"Drivers/STM32F0xx_HAL_Driver/Src/stm32f0xx_hal_adc_ex.d" -MT"Drivers/STM32F0xx_HAL_Driver/Src/stm32f0xx_hal_adc_ex.o" --specs=nano.specs -mfloat-abi=soft -mthumb -o "Drivers/STM32F0xx_HAL_Driver/Src/stm32f0xx_hal_adc_ex.o"
arm-none-eabi-gcc "../Drivers/STM32F0xx_HAL_Driver/Src/stm32f0xx_hal_cortex.c" -mcpu=cortex-m0 -std=gnu11 -g3 -DDEBUG -DUSE_HAL_DRIVER -DSTM32F030x8 -c -I../Core/Inc -I../Drivers/STM32F0xx_HAL_Driver/Inc -I../Drivers/STM32F0xx_HAL_Driver/Inc/Legacy -I../Drivers/CMSIS/Device/ST/STM32F0xx/Include -I../Drivers/CMSIS/Include -O0 -ffunction-sections -fdata-sections -Wall -fstack-usage -fcyclomatic-complexity -MMD -MP -MF"Drivers/STM32F0xx_HAL_Driver/Src/stm32f0xx_hal_cortex.d" -MT"Drivers/STM32F0xx_HAL_Driver/Src/stm32f0xx_hal_cortex.o" --specs=nano.specs -mfloat-abi=soft -mthumb -o "Drivers/STM32F0xx_HAL_Driver/Src/stm32f0xx_hal_cortex.o"
arm-none-eabi-gcc "../Drivers/STM32F0xx_HAL_Driver/Src/stm32f0xx_hal_dma.c" -mcpu=cortex-m0 -std=gnu11 -g3 -DDEBUG -DUSE_HAL_DRIVER -DSTM32F030x8 -c -I../Core/Inc -I../Drivers/STM32F0xx_HAL_Driver/Inc -I../Drivers/STM32F0xx_HAL_Driver/Inc/Legacy -I../Drivers/CMSIS/Device/ST/STM32F0xx/Include -I../Drivers/CMSIS/Include -O0 -ffunction-sections -fdata-sections -Wall -fstack-usage -fcyclomatic-complexity -MMD -MP -MF"Drivers/STM32F0xx_HAL_Driver/Src/stm32f0xx_hal_dma.d" -MT"Drivers/STM32F0xx_HAL_Driver/Src/stm32f0xx_hal_dma.o" --specs=nano.specs -mfloat-abi=soft -mthumb -o "Drivers/STM32F0xx_HAL_Driver/Src/stm32f0xx_hal_dma.o"
arm-none-eabi-gcc "../Drivers/STM32F0xx_HAL_Driver/Src/stm32f0xx_hal_exti.c" -mcpu=cortex-m0 -std=gnu11 -g3 -DDEBUG -DUSE_HAL_DRIVER -DSTM32F030x8 -c -I../Core/Inc -I../Drivers/STM32F0xx_HAL_Driver/Inc -I../Drivers/STM32F0xx_HAL_Driver/Inc/Legacy -I../Drivers/CMSIS/Device/ST/STM32F0xx/Include -I../Drivers/CMSIS/Include -O0 -ffunction-sections -fdata-sections -Wall -fstack-usage -fcyclomatic-complexity -MMD -MP -MF"Drivers/STM32F0xx_HAL_Driver/Src/stm32f0xx_hal_exti.d" -MT"Drivers/STM32F0xx_HAL_Driver/Src/stm32f0xx_hal_exti.o" --specs=nano.specs -mfloat-abi=soft -mthumb -o "Drivers/STM32F0xx_HAL_Driver/Src/stm32f0xx_hal_exti.o"
arm-none-eabi-gcc "../Drivers/STM32F0xx_HAL_Driver/Src/stm32f0xx_hal_flash.c" -mcpu=cortex-m0 -std=gnu11 -g3 -DDEBUG -DUSE_HAL_DRIVER -DSTM32F030x8 -c -I../Core/Inc -I../Drivers/STM32F0xx_HAL_Driver/Inc -I../Drivers/STM32F0xx_HAL_Driver/Inc/Legacy -I../Drivers/CMSIS/Device/ST/STM32F0xx/Include -I../Drivers/CMSIS/Include -O0 -ffunction-sections -fdata-sections -Wall -fstack-usage -fcyclomatic-complexity -MMD -MP -MF"Drivers/STM32F0xx_HAL_Driver/Src/stm32f0xx_hal_flash.d" -MT"Drivers/STM32F0xx_HAL_Driver/Src/stm32f0xx_hal_flash.o" --specs=nano.specs -mfloat-abi=soft -mthumb -o "Drivers/STM32F0xx_HAL_Driver/Src/stm32f0xx_hal_flash.o"
arm-none-eabi-gcc "../Drivers/STM32F0xx_HAL_Driver/Src/stm32f0xx_hal_flash_ex.c" -mcpu=cortex-m0 -std=gnu11 -g3 -DDEBUG -DUSE_HAL_DRIVER -DSTM32F030x8 -c -I../Core/Inc -I../Drivers/STM32F0xx_HAL_Driver/Inc -I../Drivers/STM32F0xx_HAL_Driver/Inc/Legacy -I../Drivers/CMSIS/Device/ST/STM32F0xx/Include -I../Drivers/CMSIS/Include -O0 -ffunction-sections -fdata-sections -Wall -fstack-usage -fcyclomatic-complexity -MMD -MP -MF"Drivers/STM32F0xx_HAL_Driver/Src/stm32f0xx_hal_flash_ex.d" -MT"Drivers/STM32F0xx_HAL_Driver/Src/stm32f0xx_hal_flash_ex.o" --specs=nano.specs -mfloat-abi=soft -mthumb -o "Drivers/STM32F0xx_HAL_Driver/Src/stm32f0xx_hal_flash_ex.o"
arm-none-eabi-gcc "../Drivers/STM32F0xx_HAL_Driver/Src/stm32f0xx_hal_gpio.c" -mcpu=cortex-m0 -std=gnu11 -g3 -DDEBUG -DUSE_HAL_DRIVER -DSTM32F030x8 -c -I../Core/Inc -I../Drivers/STM32F0xx_HAL_Driver/Inc -I../Drivers/STM32F0xx_HAL_Driver/Inc/Legacy -I../Drivers/CMSIS/Device/ST/STM32F0xx/Include -I../Drivers/CMSIS/Include -O0 -ffunction-sections -fdata-sections -Wall -fstack-usage -fcyclomatic-complexity -MMD -MP -MF"Drivers/STM32F0xx_HAL_Driver/Src/stm32f0xx_hal_gpio.d" -MT"Drivers/STM32F0xx_HAL_Driver/Src/stm32f0xx_hal_gpio.o" --specs=nano.specs -mfloat-abi=soft -mthumb -o "Drivers/STM32F0xx_HAL_Driver/Src/stm32f0xx_hal_gpio.o"
arm-none-eabi-gcc "../Drivers/STM32F0xx_HAL_Driver/Src/stm32f0xx_hal_i2c.c" -mcpu=cortex-m0 -std=gnu11 -g3 -DDEBUG -DUSE_HAL_DRIVER -DSTM32F030x8 -c -I../Core/Inc -I../Drivers/STM32F0xx_HAL_Driver/Inc -I../Drivers/STM32F0xx_HAL_Driver/Inc/Legacy -I../Drivers/CMSIS/Device/ST/STM32F0xx/Include -I../Drivers/CMSIS/Include -O0 -ffunction-sections -fdata-sections -Wall -fstack-usage -fcyclomatic-complexity -MMD -MP -MF"Drivers/STM32F0xx_HAL_Driver/Src/stm32f0xx_hal_i2c.d" -MT"Drivers/STM32F0xx_HAL_Driver/Src/stm32f0xx_hal_i2c.o" --specs=nano.specs -mfloat-abi=soft -mthumb -o "Drivers/STM32F0xx_HAL_Driver/Src/stm32f0xx_hal_i2c.o"
arm-none-eabi-gcc "../Drivers/STM32F0xx_HAL_Driver/Src/stm32f0xx_hal_i2c_ex.c" -mcpu=cortex-m0 -std=gnu11 -g3 -DDEBUG -DUSE_HAL_DRIVER -DSTM32F030x8 -c -I../Core/Inc -I../Drivers/STM32F0xx_HAL_Driver/Inc -I../Drivers/STM32F0xx_HAL_Driver/Inc/Legacy -I../Drivers/CMSIS/Device/ST/STM32F0xx/Include -I../Drivers/CMSIS/Include -O0 -ffunction-sections -fdata-sections -Wall -fstack-usage -fcyclomatic-complexity -MMD -MP -MF"Drivers/STM32F0xx_HAL_Driver/Src/stm32f0xx_hal_i2c_ex.d" -MT"Drivers/STM32F0xx_HAL_Driver/Src/stm32f0xx_hal_i2c_ex.o" --specs=nano.specs -mfloat-abi=soft -mthumb -o "Drivers/STM32F0xx_HAL_Driver/Src/stm32f0xx_hal_i2c_ex.o"
arm-none-eabi-gcc "../Drivers/STM32F0xx_HAL_Driver/Src/stm32f0xx_hal_pwr.c" -mcpu=cortex-m0 -std=gnu11 -g3 -DDEBUG -DUSE_HAL_DRIVER -DSTM32F030x8 -c -I../Core/Inc -I../Drivers/STM32F0xx_HAL_Driver/Inc -I../Drivers/STM32F0xx_HAL_Driver/Inc/Legacy -I../Drivers/CMSIS/Device/ST/STM32F0xx/Include -I../Drivers/CMSIS/Include -O0 -ffunction-sections -fdata-sections -Wall -fstack-usage -fcyclomatic-complexity -MMD -MP -MF"Drivers/STM32F0xx_HAL_Driver/Src/stm32f0xx_hal_pwr.d" -MT"Drivers/STM32F0xx_HAL_Driver/Src/stm32f0xx_hal_pwr.o" --specs=nano.specs -mfloat-abi=soft -mthumb -o "Drivers/STM32F0xx_HAL_Driver/Src/stm32f0xx_hal_pwr.o"
arm-none-eabi-gcc "../Drivers/STM32F0xx_HAL_Driver/Src/stm32f0xx_hal_pwr_ex.c" -mcpu=cortex-m0 -std=gnu11 -g3 -DDEBUG -DUSE_HAL_DRIVER -DSTM32F030x8 -c -I../Core/Inc -I../Drivers/STM32F0xx_HAL_Driver/Inc -I../Drivers/STM32F0xx_HAL_Driver/Inc/Legacy -I../Drivers/CMSIS/Device/ST/STM32F0xx/Include -I../Drivers/CMSIS/Include -O0 -ffunction-sections -fdata-sections -Wall -fstack-usage -fcyclomatic-complexity -MMD -MP -MF"Drivers/STM32F0xx_HAL_Driver/Src/stm32f0xx_hal_pwr_ex.d" -MT"Drivers/STM32F0xx_HAL_Driver/Src/stm32f0xx_hal_pwr_ex.o" --specs=nano.specs -mfloat-abi=soft -mthumb -o "Drivers/STM32F0xx_HAL_Driver/Src/stm32f0xx_hal_pwr_ex.o"
arm-none-eabi-gcc "../Drivers/STM32F0xx_HAL_Driver/Src/stm32f0xx_hal_rcc.c" -mcpu=cortex-m0 -std=gnu11 -g3 -DDEBUG -DUSE_HAL_DRIVER -DSTM32F030x8 -c -I../Core/Inc -I../Drivers/STM32F0xx_HAL_Driver/Inc -I../Drivers/STM32F0xx_HAL_Driver/Inc/Legacy -I../Drivers/CMSIS/Device/ST/STM32F0xx/Include -I../Drivers/CMSIS/Include -O0 -ffunction-sections -fdata-sections -Wall -fstack-usage -fcyclomatic-complexity -MMD -MP -MF"Drivers/STM32F0xx_HAL_Driver/Src/stm32f0xx_hal_rcc.d" -MT"Drivers/STM32F0xx_HAL_Driver/Src/stm32f0xx_hal_rcc.o" --specs=nano.specs -mfloat-abi=soft -mthumb -o "Drivers/STM32F0xx_HAL_Driver/Src/stm32f0xx_hal_rcc.o"
arm-none-eabi-gcc "../Drivers/STM32F0xx_HAL_Driver/Src/stm32f0xx_hal_rcc_ex.c" -mcpu=cortex-m0 -std=gnu11 -g3 -DDEBUG -DUSE_HAL_DRIVER -DSTM32F030x8 -c -I../Core/Inc -I../Drivers/STM32F0xx_HAL_Driver/Inc -I../Drivers/STM32F0xx_HAL_Driver/Inc/Legacy -I../Drivers/CMSIS/Device/ST/STM32F0xx/Include -I../Drivers/CMSIS/Include -O0 -ffunction-sections -fdata-sections -Wall -fstack-usage -fcyclomatic-complexity -MMD -MP -MF"Drivers/STM32F0xx_HAL_Driver/Src/stm32f0xx_hal_rcc_ex.d" -MT"Drivers/STM32F0xx_HAL_Driver/Src/stm32f0xx_hal_rcc_ex.o" --specs=nano.specs -mfloat-abi=soft -mthumb -o "Drivers/STM32F0xx_HAL_Driver/Src/stm32f0xx_hal_rcc_ex.o"
arm-none-eabi-gcc "../Drivers/STM32F0xx_HAL_Driver/Src/stm32f0xx_hal_tim.c" -mcpu=cortex-m0 -std=gnu11 -g3 -DDEBUG -DUSE_HAL_DRIVER -DSTM32F030x8 -c -I../Core/Inc -I../Drivers/STM32F0xx_HAL_Driver/Inc -I../Drivers/STM32F0xx_HAL_Driver/Inc/Legacy -I../Drivers/CMSIS/Device/ST/STM32F0xx/Include -I../Drivers/CMSIS/Include -O0 -ffunction-sections -fdata-sections -Wall -fstack-usage -fcyclomatic-complexity -MMD -MP -MF"Drivers/STM32F0xx_HAL_Driver/Src/stm32f0xx_hal_tim.d" -MT"Drivers/STM32F0xx_HAL_Driver/Src/stm32f0xx_hal_tim.o" --specs=nano.specs -mfloat-abi=soft -mthumb -o "Drivers/STM32F0xx_HAL_Driver/Src/stm32f0xx_hal_tim.o"
arm-none-eabi-gcc "../Drivers/STM32F0xx_HAL_Driver/Src/stm32f0xx_hal_tim_ex.c" -mcpu=cortex-m0 -std=gnu11 -g3 -DDEBUG -DUSE_HAL_DRIVER -DSTM32F030x8 -c -I../Core/Inc -I../Drivers/STM32F0xx_HAL_Driver/Inc -I../Drivers/STM32F0xx_HAL_Driver/Inc/Legacy -I../Drivers/CMSIS/Device/ST/STM32F0xx/Include -I../Drivers/CMSIS/Include -O0 -ffunction-sections -fdata-sections -Wall -fstack-usage -fcyclomatic-complexity -MMD -MP -MF"Drivers/STM32F0xx_HAL_Driver/Src/stm32f0xx_hal_tim_ex.d" -MT"Drivers/STM32F0xx_HAL_Driver/Src/stm32f0xx_hal_tim_ex.o" --specs=nano.specs -mfloat-abi=soft -mthumb -o "Drivers/STM32F0xx_HAL_Driver/Src/stm32f0xx_hal_tim_ex.o"
arm-none-eabi-gcc "../Drivers/STM32F0xx_HAL_Driver/Src/stm32f0xx_hal_uart.c" -mcpu=cortex-m0 -std=gnu11 -g3 -DDEBUG -DUSE_HAL_DRIVER -DSTM32F030x8 -c -I../Core/Inc -I../Drivers/STM32F0xx_HAL_Driver/Inc -I../Drivers/STM32F0xx_HAL_Driver/Inc/Legacy -I../Drivers/CMSIS/Device/ST/STM32F0xx/Include -I../Drivers/CMSIS/Include -O0 -ffunction-sections -fdata-sections -Wall -fstack-usage -fcyclomatic-complexity -MMD -MP -MF"Drivers/STM32F0xx_HAL_Driver/Src/stm32f0xx_hal_uart.d" -MT"Drivers/STM32F0xx_HAL_Driver/Src/stm32f0xx_hal_uart.o" --specs=nano.specs -mfloat-abi=soft -mthumb -o "Drivers/STM32F0xx_HAL_Driver/Src/stm32f0xx_hal_uart.o"
arm-none-eabi-gcc "../Drivers/STM32F0xx_HAL_Driver/Src/stm32f0xx_hal_uart_ex.c" -mcpu=cortex-m0 -std=gnu11 -g3 -DDEBUG -DUSE_HAL_DRIVER -DSTM32F030x8 -c -I../Core/Inc -I../Drivers/STM32F0xx_HAL_Driver/Inc -I../Drivers/STM32F0xx_HAL_Driver/Inc/Legacy -I../Drivers/CMSIS/Device/ST/STM32F0xx/Include -I../Drivers/CMSIS/Include -O0 -ffunction-sections -fdata-sections -Wall -fstack-usage -fcyclomatic-complexity -MMD -MP -MF"Drivers/STM32F0xx_HAL_Driver/Src/stm32f0xx_hal_uart_ex.d" -MT"Drivers/STM32F0xx_HAL_Driver/Src/stm32f0xx_hal_uart_ex.o" --specs=nano.specs -mfloat-abi=soft -mthumb -o "Drivers/STM32F0xx_HAL_Driver/Src/stm32f0xx_hal_uart_ex.o"
arm-none-eabi-gcc -mcpu=cortex-m0 -g3 -DDEBUG -c -x assembler-with-cpp -MMD -MP -MF"Core/Startup/startup_stm32f030r8tx.d" -MT"Core/Startup/startup_stm32f030r8tx.o" --specs=nano.specs -mfloat-abi=soft -mthumb -o "Core/Startup/startup_stm32f030r8tx.o" "../Core/Startup/startup_stm32f030r8tx.s"
arm-none-eabi-gcc "../Core/Src/main.c" -mcpu=cortex-m0 -std=gnu11 -g3 -DDEBUG -DUSE_HAL_DRIVER -DSTM32F030x8 -c -I../Core/Inc -I../Drivers/STM32F0xx_HAL_Driver/Inc -I../Drivers/STM32F0xx_HAL_Driver/Inc/Legacy -I../Drivers/CMSIS/Device/ST/STM32F0xx/Include -I../Drivers/CMSIS/Include -O0 -ffunction-sections -fdata-sections -Wall -fstack-usage -fcyclomatic-complexity -MMD -MP -MF"Core/Src/main.d" -MT"Core/Src/main.o" --specs=nano.specs -mfloat-abi=soft -mthumb -o "Core/Src/main.o"
arm-none-eabi-gcc "../Core/Src/sct.c" -mcpu=cortex-m0 -std=gnu11 -g3 -DDEBUG -DUSE_HAL_DRIVER -DSTM32F030x8 -c -I../Core/Inc -I../Drivers/STM32F0xx_HAL_Driver/Inc -I../Drivers/STM32F0xx_HAL_Driver/Inc/Legacy -I../Drivers/CMSIS/Device/ST/STM32F0xx/Include -I../Drivers/CMSIS/Include -O0 -ffunction-sections -fdata-sections -Wall -fstack-usage -fcyclomatic-complexity -MMD -MP -MF"Core/Src/sct.d" -MT"Core/Src/sct.o" --specs=nano.specs -mfloat-abi=soft -mthumb -o "Core/Src/sct.o"
arm-none-eabi-gcc "../Core/Src/stm32f0xx_hal_msp.c" -mcpu=cortex-m0 -std=gnu11 -g3 -DDEBUG -DUSE_HAL_DRIVER -DSTM32F030x8 -c -I../Core/Inc -I../Drivers/STM32F0xx_HAL_Driver/Inc -I../Drivers/STM32F0xx_HAL_Driver/Inc/Legacy -I../Drivers/CMSIS/Device/ST/STM32F0xx/Include -I../Drivers/CMSIS/Include -O0 -ffunction-sections -fdata-sections -Wall -fstack-usage -fcyclomatic-complexity -MMD -MP -MF"Core/Src/stm32f0xx_hal_msp.d" -MT"Core/Src/stm32f0xx_hal_msp.o" --specs=nano.specs -mfloat-abi=soft -mthumb -o "Core/Src/stm32f0xx_hal_msp.o"
arm-none-eabi-gcc "../Core/Src/stm32f0xx_it.c" -mcpu=cortex-m0 -std=gnu11 -g3 -DDEBUG -DUSE_HAL_DRIVER -DSTM32F030x8 -c -I../Core/Inc -I../Drivers/STM32F0xx_HAL_Driver/Inc -I../Drivers/STM32F0xx_HAL_Driver/Inc/Legacy -I../Drivers/CMSIS/Device/ST/STM32F0xx/Include -I../Drivers/CMSIS/Include -O0 -ffunction-sections -fdata-sections -Wall -fstack-usage -fcyclomatic-complexity -MMD -MP -MF"Core/Src/stm32f0xx_it.d" -MT"Core/Src/stm32f0xx_it.o" --specs=nano.specs -mfloat-abi=soft -mthumb -o "Core/Src/stm32f0xx_it.o"
arm-none-eabi-gcc "../Core/Src/syscalls.c" -mcpu=cortex-m0 -std=gnu11 -g3 -DDEBUG -DUSE_HAL_DRIVER -DSTM32F030x8 -c -I../Core/Inc -I../Drivers/STM32F0xx_HAL_Driver/Inc -I../Drivers/STM32F0xx_HAL_Driver/Inc/Legacy -I../Drivers/CMSIS/Device/ST/STM32F0xx/Include -I../Drivers/CMSIS/Include -O0 -ffunction-sections -fdata-sections -Wall -fstack-usage -fcyclomatic-complexity -MMD -MP -MF"Core/Src/syscalls.d" -MT"Core/Src/syscalls.o" --specs=nano.specs -mfloat-abi=soft -mthumb -o "Core/Src/syscalls.o"
arm-none-eabi-gcc "../Core/Src/sysmem.c" -mcpu=cortex-m0 -std=gnu11 -g3 -DDEBUG -DUSE_HAL_DRIVER -DSTM32F030x8 -c -I../Core/Inc -I../Drivers/STM32F0xx_HAL_Driver/Inc -I../Drivers/STM32F0xx_HAL_Driver/Inc/Legacy -I../Drivers/CMSIS/Device/ST/STM32F0xx/Include -I../Drivers/CMSIS/Include -O0 -ffunction-sections -fdata-sections -Wall -fstack-usage -fcyclomatic-complexity -MMD -MP -MF"Core/Src/sysmem.d" -MT"Core/Src/sysmem.o" --specs=nano.specs -mfloat-abi=soft -mthumb -o "Core/Src/sysmem.o"
arm-none-eabi-gcc "../Core/Src/system_stm32f0xx.c" -mcpu=cortex-m0 -std=gnu11 -g3 -DDEBUG -DUSE_HAL_DRIVER -DSTM32F030x8 -c -I../Core/Inc -I../Drivers/STM32F0xx_HAL_Driver/Inc -I../Drivers/STM32F0xx_HAL_Driver/Inc/Legacy -I../Drivers/CMSIS/Device/ST/STM32F0xx/Include -I../Drivers/CMSIS/Include -O0 -ffunction-sections -fdata-sections -Wall -fstack-usage -fcyclomatic-complexity -MMD -MP -MF"Core/Src/system_stm32f0xx.d" -MT"Core/Src/system_stm32f0xx.o" --specs=nano.specs -mfloat-abi=soft -mthumb -o "Core/Src/system_stm32f0xx.o"
arm-none-eabi-gcc -o "cv4.elf" @"objects.list"   -mcpu=cortex-m0 -T"C:\Temp\xpecon00\MPC-MKS\cv4\cv4\STM32F030R8TX_FLASH.ld" --specs=nosys.specs -Wl,-Map="cv4.map" -Wl,--gc-sections -static --specs=nano.specs -mfloat-abi=soft -mthumb -Wl,--start-group -lc -lm -Wl,--end-group
Finished building target: cv4.elf
 
arm-none-eabi-size   cv4.elf 
arm-none-eabi-objdump -h -S  cv4.elf  > "cv4.list"
   text	   data	    bss	    dec	    hex	filename
   8988	     20	   1764	  10772	   2a14	cv4.elf
Finished building: default.size.stdout
 
Finished building: cv4.list
 
10:16:47 **** Incremental Build of configuration Debug for project cv4 ****
make -j4 all 
arm-none-eabi-gcc "../Core/Src/main.c" -mcpu=cortex-m0 -std=gnu11 -g3 -DDEBUG -DUSE_HAL_DRIVER -DSTM32F030x8 -c -I../Core/Inc -I../Drivers/STM32F0xx_HAL_Driver/Inc -I../Drivers/STM32F0xx_HAL_Driver/Inc/Legacy -I../Drivers/CMSIS/Device/ST/STM32F0xx/Include -I../Drivers/CMSIS/Include -O0 -ffunction-sections -fdata-sections -Wall -fstack-usage -fcyclomatic-complexity -MMD -MP -MF"Core/Src/main.d" -MT"Core/Src/main.o" --specs=nano.specs -mfloat-abi=soft -mthumb -o "Core/Src/main.o"
arm-none-eabi-gcc "../Core/Src/sct.c" -mcpu=cortex-m0 -std=gnu11 -g3 -DDEBUG -DUSE_HAL_DRIVER -DSTM32F030x8 -c -I../Core/Inc -I../Drivers/STM32F0xx_HAL_Driver/Inc -I../Drivers/STM32F0xx_HAL_Driver/Inc/Legacy -I../Drivers/CMSIS/Device/ST/STM32F0xx/Include -I../Drivers/CMSIS/Include -O0 -ffunction-sections -fdata-sections -Wall -fstack-usage -fcyclomatic-complexity -MMD -MP -MF"Core/Src/sct.d" -MT"Core/Src/sct.o" --specs=nano.specs -mfloat-abi=soft -mthumb -o "Core/Src/sct.o"
arm-none-eabi-gcc -o "cv4.elf" @"objects.list"   -mcpu=cortex-m0 -T"C:\Temp\xpecon00\MPC-MKS\cv4\cv4\STM32F030R8TX_FLASH.ld" --specs=nosys.specs -Wl,-Map="cv4.map" -Wl,--gc-sections -static --specs=nano.specs -mfloat-abi=soft -mthumb -Wl,--start-group -lc -lm -Wl,--end-group
Finished building target: cv4.elf
 
arm-none-eabi-size   cv4.elf 
arm-none-eabi-objdump -h -S  cv4.elf  > "cv4.list"
   text	   data	    bss	    dec	    hex	filename
   9880	     20	   1772	  11672	   2d98	cv4.elf
Finished building: default.size.stdout
 
Finished building: cv4.list
 
10:17:37 **** Incremental Build of configuration Debug for project cv4 ****
make -j4 all 
arm-none-eabi-gcc "../Core/Src/sct.c" -mcpu=cortex-m0 -std=gnu11 -g3 -DDEBUG -DUSE_HAL_DRIVER -DSTM32F030x8 -c -I../Core/Inc -I../Drivers/STM32F0xx_HAL_Driver/Inc -I../Drivers/STM32F0xx_HAL_Driver/Inc/Legacy -I../Drivers/CMSIS/Device/ST/STM32F0xx/Include -I../Drivers/CMSIS/Include -O0 -ffunction-sections -fdata-sections -Wall -fstack-usage -fcyclomatic-complexity -MMD -MP -MF"Core/Src/sct.d" -MT"Core/Src/sct.o" --specs=nano.specs -mfloat-abi=soft -mthumb -o "Core/Src/sct.o"
arm-none-eabi-gcc -o "cv4.elf" @"objects.list"   -mcpu=cortex-m0 -T"C:\Temp\xpecon00\MPC-MKS\cv4\cv4\STM32F030R8TX_FLASH.ld" --specs=nosys.specs -Wl,-Map="cv4.map" -Wl,--gc-sections -static --specs=nano.specs -mfloat-abi=soft -mthumb -Wl,--start-group -lc -lm -Wl,--end-group
Finished building target: cv4.elf
 
arm-none-eabi-size   cv4.elf 
arm-none-eabi-objdump -h -S  cv4.elf  > "cv4.list"
   text	   data	    bss	    dec	    hex	filename
   9880	     20	   1772	  11672	   2d98	cv4.elf
Finished building: default.size.stdout
 
Finished building: cv4.list
 
10:22:35 **** Incremental Build of configuration Debug for project cv4 ****
make -j4 all 
arm-none-eabi-gcc "../Core/Src/main.c" -mcpu=cortex-m0 -std=gnu11 -g3 -DDEBUG -DUSE_HAL_DRIVER -DSTM32F030x8 -c -I../Core/Inc -I../Drivers/STM32F0xx_HAL_Driver/Inc -I../Drivers/STM32F0xx_HAL_Driver/Inc/Legacy -I../Drivers/CMSIS/Device/ST/STM32F0xx/Include -I../Drivers/CMSIS/Include -O0 -ffunction-sections -fdata-sections -Wall -fstack-usage -fcyclomatic-complexity -MMD -MP -MF"Core/Src/main.d" -MT"Core/Src/main.o" --specs=nano.specs -mfloat-abi=soft -mthumb -o "Core/Src/main.o"
arm-none-eabi-gcc "../Core/Src/sct.c" -mcpu=cortex-m0 -std=gnu11 -g3 -DDEBUG -DUSE_HAL_DRIVER -DSTM32F030x8 -c -I../Core/Inc -I../Drivers/STM32F0xx_HAL_Driver/Inc -I../Drivers/STM32F0xx_HAL_Driver/Inc/Legacy -I../Drivers/CMSIS/Device/ST/STM32F0xx/Include -I../Drivers/CMSIS/Include -O0 -ffunction-sections -fdata-sections -Wall -fstack-usage -fcyclomatic-complexity -MMD -MP -MF"Core/Src/sct.d" -MT"Core/Src/sct.o" --specs=nano.specs -mfloat-abi=soft -mthumb -o "Core/Src/sct.o"
../Core/Src/main.c: In function 'main':
../Core/Src/main.c:104:3: warning: implicit declaration of function 'printf' [-Wimplicit-function-declaration]
  104 |   printf("raw_pot");
      |   ^~~~~~
../Core/Src/main.c:22:1: note: include '<stdio.h>' or provide a declaration of 'printf'
   21 | #include "sct.h"
  +++ |+#include <stdio.h>
   22 | /* Private includes ----------------------------------------------------------*/
../Core/Src/main.c:104:3: warning: incompatible implicit declaration of built-in function 'printf' [-Wbuiltin-declaration-mismatch]
  104 |   printf("raw_pot");
      |   ^~~~~~
../Core/Src/main.c:104:3: note: include '<stdio.h>' or provide a declaration of 'printf'
../Core/Src/main.c:99:28: warning: variable 'raw_pot' set but not used [-Wunused-but-set-variable]
   99 |   static volatile uint32_t raw_pot;
      |                            ^~~~~~~
At top level:
../Core/Src/main.c:100:8: warning: 'HAL_ADC_ConvCpltCallback' defined but not used [-Wunused-function]
  100 |   void HAL_ADC_ConvCpltCallback(ADC_HandleTypeDef* hadc)
      |        ^~~~~~~~~~~~~~~~~~~~~~~~
arm-none-eabi-gcc -o "cv4.elf" @"objects.list"   -mcpu=cortex-m0 -T"C:\Temp\xpecon00\MPC-MKS\cv4\cv4\STM32F030R8TX_FLASH.ld" --specs=nosys.specs -Wl,-Map="cv4.map" -Wl,--gc-sections -static --specs=nano.specs -mfloat-abi=soft -mthumb -Wl,--start-group -lc -lm -Wl,--end-group
Finished building target: cv4.elf
 
arm-none-eabi-size   cv4.elf 
arm-none-eabi-objdump -h -S  cv4.elf  > "cv4.list"
   text	   data	    bss	    dec	    hex	filename
  13916	    112	   2104	  16132	   3f04	cv4.elf
Finished building: default.size.stdout
 
Finished building: cv4.list
 
10:24:54 **** Incremental Build of configuration Debug for project cv4 ****
make -j4 all 
arm-none-eabi-gcc "../Core/Src/main.c" -mcpu=cortex-m0 -std=gnu11 -g3 -DDEBUG -DUSE_HAL_DRIVER -DSTM32F030x8 -c -I../Core/Inc -I../Drivers/STM32F0xx_HAL_Driver/Inc -I../Drivers/STM32F0xx_HAL_Driver/Inc/Legacy -I../Drivers/CMSIS/Device/ST/STM32F0xx/Include -I../Drivers/CMSIS/Include -O0 -ffunction-sections -fdata-sections -Wall -fstack-usage -fcyclomatic-complexity -MMD -MP -MF"Core/Src/main.d" -MT"Core/Src/main.o" --specs=nano.specs -mfloat-abi=soft -mthumb -o "Core/Src/main.o"
../Core/Src/main.c: In function 'main':
../Core/Src/main.c:99:28: warning: variable 'raw_pot' set but not used [-Wunused-but-set-variable]
   99 |   static volatile uint32_t raw_pot;
      |                            ^~~~~~~
At top level:
../Core/Src/main.c:100:8: warning: 'HAL_ADC_ConvCpltCallback' defined but not used [-Wunused-function]
  100 |   void HAL_ADC_ConvCpltCallback(ADC_HandleTypeDef* hadc)
      |        ^~~~~~~~~~~~~~~~~~~~~~~~
arm-none-eabi-gcc -o "cv4.elf" @"objects.list"   -mcpu=cortex-m0 -T"C:\Temp\xpecon00\MPC-MKS\cv4\cv4\STM32F030R8TX_FLASH.ld" --specs=nosys.specs -Wl,-Map="cv4.map" -Wl,--gc-sections -static --specs=nano.specs -mfloat-abi=soft -mthumb -Wl,--start-group -lc -lm -Wl,--end-group
Finished building target: cv4.elf
 
arm-none-eabi-size   cv4.elf 
arm-none-eabi-objdump -h -S  cv4.elf  > "cv4.list"
   text	   data	    bss	    dec	    hex	filename
   9844	     20	   1764	  11628	   2d6c	cv4.elf
Finished building: default.size.stdout
 
Finished building: cv4.list
 
10:26:21 **** Incremental Build of configuration Debug for project cv4 ****
make -j4 all 
arm-none-eabi-gcc "../Core/Src/main.c" -mcpu=cortex-m0 -std=gnu11 -g3 -DDEBUG -DUSE_HAL_DRIVER -DSTM32F030x8 -c -I../Core/Inc -I../Drivers/STM32F0xx_HAL_Driver/Inc -I../Drivers/STM32F0xx_HAL_Driver/Inc/Legacy -I../Drivers/CMSIS/Device/ST/STM32F0xx/Include -I../Drivers/CMSIS/Include -O0 -ffunction-sections -fdata-sections -Wall -fstack-usage -fcyclomatic-complexity -MMD -MP -MF"Core/Src/main.d" -MT"Core/Src/main.o" --specs=nano.specs -mfloat-abi=soft -mthumb -o "Core/Src/main.o"
arm-none-eabi-gcc -o "cv4.elf" @"objects.list"   -mcpu=cortex-m0 -T"C:\Temp\xpecon00\MPC-MKS\cv4\cv4\STM32F030R8TX_FLASH.ld" --specs=nosys.specs -Wl,-Map="cv4.map" -Wl,--gc-sections -static --specs=nano.specs -mfloat-abi=soft -mthumb -Wl,--start-group -lc -lm -Wl,--end-group
Finished building target: cv4.elf
 
arm-none-eabi-size   cv4.elf 
arm-none-eabi-objdump -h -S  cv4.elf  > "cv4.list"
   text	   data	    bss	    dec	    hex	filename
   9880	     20	   1772	  11672	   2d98	cv4.elf
Finished building: default.size.stdout
 
Finished building: cv4.list
 
10:26:27 **** Incremental Build of configuration Debug for project cv4 ****
make -j4 all 
arm-none-eabi-size   cv4.elf 
   text	   data	    bss	    dec	    hex	filename
   9880	     20	   1772	  11672	   2d98	cv4.elf
Finished building: default.size.stdout
 
10:26:44 **** Incremental Build of configuration Debug for project cv4 ****
make -j4 all 
arm-none-eabi-size   cv4.elf 
   text	   data	    bss	    dec	    hex	filename
   9880	     20	   1772	  11672	   2d98	cv4.elf
Finished building: default.size.stdout
 
10:29:08 **** Incremental Build of configuration Debug for project cv4 ****
make -j4 all 
arm-none-eabi-gcc "../Core/Src/main.c" -mcpu=cortex-m0 -std=gnu11 -g3 -DDEBUG -DUSE_HAL_DRIVER -DSTM32F030x8 -c -I../Core/Inc -I../Drivers/STM32F0xx_HAL_Driver/Inc -I../Drivers/STM32F0xx_HAL_Driver/Inc/Legacy -I../Drivers/CMSIS/Device/ST/STM32F0xx/Include -I../Drivers/CMSIS/Include -O0 -ffunction-sections -fdata-sections -Wall -fstack-usage -fcyclomatic-complexity -MMD -MP -MF"Core/Src/main.d" -MT"Core/Src/main.o" --specs=nano.specs -mfloat-abi=soft -mthumb -o "Core/Src/main.o"
../Core/Src/main.c: In function 'main':
../Core/Src/main.c:111:11: warning: implicit declaration of function 'HAL_delay'; did you mean 'HAL_Delay'? [-Wimplicit-function-declaration]
  111 |           HAL_delay(50);
      |           ^~~~~~~~~
      |           HAL_Delay
arm-none-eabi-gcc -o "cv4.elf" @"objects.list"   -mcpu=cortex-m0 -T"C:\Temp\xpecon00\MPC-MKS\cv4\cv4\STM32F030R8TX_FLASH.ld" --specs=nosys.specs -Wl,-Map="cv4.map" -Wl,--gc-sections -static --specs=nano.specs -mfloat-abi=soft -mthumb -Wl,--start-group -lc -lm -Wl,--end-group
C:/appz/ST/STM32CubeIDE_1.10.1/STM32CubeIDE/plugins/com.st.stm32cube.ide.mcu.externaltools.gnu-tools-for-stm32.11.3.rel1.win32_1.1.0.202305231506/tools/bin/../lib/gcc/arm-none-eabi/11.3.1/../../../../arm-none-eabi/bin/ld.exe: ./Core/Src/main.o: in function `main':
C:/Temp/xpecon00/MPC-MKS/cv4/cv4/Debug/../Core/Src/main.c:111: undefined reference to `HAL_delay'
collect2.exe: error: ld returned 1 exit status
make: *** [makefile:64: cv4.elf] Error 1
"make -j4 all" terminated with exit code 2. Build might be incomplete.
10:29:37 **** Incremental Build of configuration Debug for project cv4 ****
make -j4 all 
arm-none-eabi-gcc "../Core/Src/main.c" -mcpu=cortex-m0 -std=gnu11 -g3 -DDEBUG -DUSE_HAL_DRIVER -DSTM32F030x8 -c -I../Core/Inc -I../Drivers/STM32F0xx_HAL_Driver/Inc -I../Drivers/STM32F0xx_HAL_Driver/Inc/Legacy -I../Drivers/CMSIS/Device/ST/STM32F0xx/Include -I../Drivers/CMSIS/Include -O0 -ffunction-sections -fdata-sections -Wall -fstack-usage -fcyclomatic-complexity -MMD -MP -MF"Core/Src/main.d" -MT"Core/Src/main.o" --specs=nano.specs -mfloat-abi=soft -mthumb -o "Core/Src/main.o"
arm-none-eabi-gcc -o "cv4.elf" @"objects.list"   -mcpu=cortex-m0 -T"C:\Temp\xpecon00\MPC-MKS\cv4\cv4\STM32F030R8TX_FLASH.ld" --specs=nosys.specs -Wl,-Map="cv4.map" -Wl,--gc-sections -static --specs=nano.specs -mfloat-abi=soft -mthumb -Wl,--start-group -lc -lm -Wl,--end-group
Finished building target: cv4.elf
 
arm-none-eabi-size   cv4.elf 
arm-none-eabi-objdump -h -S  cv4.elf  > "cv4.list"
   text	   data	    bss	    dec	    hex	filename
  10360	     20	   1772	  12152	   2f78	cv4.elf
Finished building: default.size.stdout
 
Finished building: cv4.list
 
10:31:01 **** Incremental Build of configuration Debug for project cv4 ****
make -j4 all 
arm-none-eabi-gcc "../Core/Src/main.c" -mcpu=cortex-m0 -std=gnu11 -g3 -DDEBUG -DUSE_HAL_DRIVER -DSTM32F030x8 -c -I../Core/Inc -I../Drivers/STM32F0xx_HAL_Driver/Inc -I../Drivers/STM32F0xx_HAL_Driver/Inc/Legacy -I../Drivers/CMSIS/Device/ST/STM32F0xx/Include -I../Drivers/CMSIS/Include -O0 -ffunction-sections -fdata-sections -Wall -fstack-usage -fcyclomatic-complexity -MMD -MP -MF"Core/Src/main.d" -MT"Core/Src/main.o" --specs=nano.specs -mfloat-abi=soft -mthumb -o "Core/Src/main.o"
arm-none-eabi-gcc -o "cv4.elf" @"objects.list"   -mcpu=cortex-m0 -T"C:\Temp\xpecon00\MPC-MKS\cv4\cv4\STM32F030R8TX_FLASH.ld" --specs=nosys.specs -Wl,-Map="cv4.map" -Wl,--gc-sections -static --specs=nano.specs -mfloat-abi=soft -mthumb -Wl,--start-group -lc -lm -Wl,--end-group
Finished building target: cv4.elf
 
arm-none-eabi-size   cv4.elf 
arm-none-eabi-objdump -h -S  cv4.elf  > "cv4.list"
   text	   data	    bss	    dec	    hex	filename
  10372	     20	   1772	  12164	   2f84	cv4.elf
Finished building: default.size.stdout
 
Finished building: cv4.list
 
10:32:30 **** Incremental Build of configuration Debug for project cv4 ****
make -j4 all 
arm-none-eabi-gcc "../Core/Src/main.c" -mcpu=cortex-m0 -std=gnu11 -g3 -DDEBUG -DUSE_HAL_DRIVER -DSTM32F030x8 -c -I../Core/Inc -I../Drivers/STM32F0xx_HAL_Driver/Inc -I../Drivers/STM32F0xx_HAL_Driver/Inc/Legacy -I../Drivers/CMSIS/Device/ST/STM32F0xx/Include -I../Drivers/CMSIS/Include -O0 -ffunction-sections -fdata-sections -Wall -fstack-usage -fcyclomatic-complexity -MMD -MP -MF"Core/Src/main.d" -MT"Core/Src/main.o" --specs=nano.specs -mfloat-abi=soft -mthumb -o "Core/Src/main.o"
../Core/Src/main.c: In function 'main':
../Core/Src/main.c:111:11: error: 'raw' undeclared (first use in this function)
  111 |           raw = (raw_pot/4096)*500;
      |           ^~~
../Core/Src/main.c:111:11: note: each undeclared identifier is reported only once for each function it appears in
make: *** [Core/Src/subdir.mk:37: Core/Src/main.o] Error 1
"make -j4 all" terminated with exit code 2. Build might be incomplete.
10:32:50 **** Incremental Build of configuration Debug for project cv4 ****
make -j4 all 
arm-none-eabi-gcc "../Core/Src/main.c" -mcpu=cortex-m0 -std=gnu11 -g3 -DDEBUG -DUSE_HAL_DRIVER -DSTM32F030x8 -c -I../Core/Inc -I../Drivers/STM32F0xx_HAL_Driver/Inc -I../Drivers/STM32F0xx_HAL_Driver/Inc/Legacy -I../Drivers/CMSIS/Device/ST/STM32F0xx/Include -I../Drivers/CMSIS/Include -O0 -ffunction-sections -fdata-sections -Wall -fstack-usage -fcyclomatic-complexity -MMD -MP -MF"Core/Src/main.d" -MT"Core/Src/main.o" --specs=nano.specs -mfloat-abi=soft -mthumb -o "Core/Src/main.o"
arm-none-eabi-gcc -o "cv4.elf" @"objects.list"   -mcpu=cortex-m0 -T"C:\Temp\xpecon00\MPC-MKS\cv4\cv4\STM32F030R8TX_FLASH.ld" --specs=nosys.specs -Wl,-Map="cv4.map" -Wl,--gc-sections -static --specs=nano.specs -mfloat-abi=soft -mthumb -Wl,--start-group -lc -lm -Wl,--end-group
Finished building target: cv4.elf
 
arm-none-eabi-size   cv4.elf 
arm-none-eabi-objdump -h -S  cv4.elf  > "cv4.list"
   text	   data	    bss	    dec	    hex	filename
  10384	     20	   1772	  12176	   2f90	cv4.elf
Finished building: default.size.stdout
 
Finished building: cv4.list
 
10:35:20 **** Incremental Build of configuration Debug for project cv4 ****
make -j4 all 
arm-none-eabi-gcc "../Core/Src/main.c" -mcpu=cortex-m0 -std=gnu11 -g3 -DDEBUG -DUSE_HAL_DRIVER -DSTM32F030x8 -c -I../Core/Inc -I../Drivers/STM32F0xx_HAL_Driver/Inc -I../Drivers/STM32F0xx_HAL_Driver/Inc/Legacy -I../Drivers/CMSIS/Device/ST/STM32F0xx/Include -I../Drivers/CMSIS/Include -O0 -ffunction-sections -fdata-sections -Wall -fstack-usage -fcyclomatic-complexity -MMD -MP -MF"Core/Src/main.d" -MT"Core/Src/main.o" --specs=nano.specs -mfloat-abi=soft -mthumb -o "Core/Src/main.o"
arm-none-eabi-gcc -o "cv4.elf" @"objects.list"   -mcpu=cortex-m0 -T"C:\Temp\xpecon00\MPC-MKS\cv4\cv4\STM32F030R8TX_FLASH.ld" --specs=nosys.specs -Wl,-Map="cv4.map" -Wl,--gc-sections -static --specs=nano.specs -mfloat-abi=soft -mthumb -Wl,--start-group -lc -lm -Wl,--end-group
Finished building target: cv4.elf
 
arm-none-eabi-size   cv4.elf 
arm-none-eabi-objdump -h -S  cv4.elf  > "cv4.list"
   text	   data	    bss	    dec	    hex	filename
  10384	     20	   1772	  12176	   2f90	cv4.elf
Finished building: default.size.stdout
 
Finished building: cv4.list
 
10:36:01 **** Incremental Build of configuration Debug for project cv4 ****
make -j4 all 
arm-none-eabi-gcc "../Core/Src/main.c" -mcpu=cortex-m0 -std=gnu11 -g3 -DDEBUG -DUSE_HAL_DRIVER -DSTM32F030x8 -c -I../Core/Inc -I../Drivers/STM32F0xx_HAL_Driver/Inc -I../Drivers/STM32F0xx_HAL_Driver/Inc/Legacy -I../Drivers/CMSIS/Device/ST/STM32F0xx/Include -I../Drivers/CMSIS/Include -O0 -ffunction-sections -fdata-sections -Wall -fstack-usage -fcyclomatic-complexity -MMD -MP -MF"Core/Src/main.d" -MT"Core/Src/main.o" --specs=nano.specs -mfloat-abi=soft -mthumb -o "Core/Src/main.o"
arm-none-eabi-gcc -o "cv4.elf" @"objects.list"   -mcpu=cortex-m0 -T"C:\Temp\xpecon00\MPC-MKS\cv4\cv4\STM32F030R8TX_FLASH.ld" --specs=nosys.specs -Wl,-Map="cv4.map" -Wl,--gc-sections -static --specs=nano.specs -mfloat-abi=soft -mthumb -Wl,--start-group -lc -lm -Wl,--end-group
Finished building target: cv4.elf
 
arm-none-eabi-size   cv4.elf 
arm-none-eabi-objdump -h -S  cv4.elf  > "cv4.list"
   text	   data	    bss	    dec	    hex	filename
  10396	     20	   1772	  12188	   2f9c	cv4.elf
Finished building: default.size.stdout
 
Finished building: cv4.list
 
10:37:16 **** Incremental Build of configuration Debug for project cv4 ****
make -j4 all 
arm-none-eabi-gcc "../Core/Src/main.c" -mcpu=cortex-m0 -std=gnu11 -g3 -DDEBUG -DUSE_HAL_DRIVER -DSTM32F030x8 -c -I../Core/Inc -I../Drivers/STM32F0xx_HAL_Driver/Inc -I../Drivers/STM32F0xx_HAL_Driver/Inc/Legacy -I../Drivers/CMSIS/Device/ST/STM32F0xx/Include -I../Drivers/CMSIS/Include -O0 -ffunction-sections -fdata-sections -Wall -fstack-usage -fcyclomatic-complexity -MMD -MP -MF"Core/Src/main.d" -MT"Core/Src/main.o" --specs=nano.specs -mfloat-abi=soft -mthumb -o "Core/Src/main.o"
../Core/Src/main.c: In function 'main':
../Core/Src/main.c:108:28: warning: variable 'raw' set but not used [-Wunused-but-set-variable]
  108 |   static volatile uint32_t raw;
      |                            ^~~
arm-none-eabi-gcc -o "cv4.elf" @"objects.list"   -mcpu=cortex-m0 -T"C:\Temp\xpecon00\MPC-MKS\cv4\cv4\STM32F030R8TX_FLASH.ld" --specs=nosys.specs -Wl,-Map="cv4.map" -Wl,--gc-sections -static --specs=nano.specs -mfloat-abi=soft -mthumb -Wl,--start-group -lc -lm -Wl,--end-group
Finished building target: cv4.elf
 
arm-none-eabi-size   cv4.elf 
arm-none-eabi-objdump -h -S  cv4.elf  > "cv4.list"
   text	   data	    bss	    dec	    hex	filename
  10400	     20	   1772	  12192	   2fa0	cv4.elf
Finished building: default.size.stdout
 
Finished building: cv4.list
 
10:37:43 **** Incremental Build of configuration Debug for project cv4 ****
make -j4 all 
arm-none-eabi-gcc "../Core/Src/main.c" -mcpu=cortex-m0 -std=gnu11 -g3 -DDEBUG -DUSE_HAL_DRIVER -DSTM32F030x8 -c -I../Core/Inc -I../Drivers/STM32F0xx_HAL_Driver/Inc -I../Drivers/STM32F0xx_HAL_Driver/Inc/Legacy -I../Drivers/CMSIS/Device/ST/STM32F0xx/Include -I../Drivers/CMSIS/Include -O0 -ffunction-sections -fdata-sections -Wall -fstack-usage -fcyclomatic-complexity -MMD -MP -MF"Core/Src/main.d" -MT"Core/Src/main.o" --specs=nano.specs -mfloat-abi=soft -mthumb -o "Core/Src/main.o"
../Core/Src/main.c: In function 'main':
../Core/Src/main.c:108:28: warning: variable 'raw' set but not used [-Wunused-but-set-variable]
  108 |   static volatile uint32_t raw;
      |                            ^~~
arm-none-eabi-gcc -o "cv4.elf" @"objects.list"   -mcpu=cortex-m0 -T"C:\Temp\xpecon00\MPC-MKS\cv4\cv4\STM32F030R8TX_FLASH.ld" --specs=nosys.specs -Wl,-Map="cv4.map" -Wl,--gc-sections -static --specs=nano.specs -mfloat-abi=soft -mthumb -Wl,--start-group -lc -lm -Wl,--end-group
Finished building target: cv4.elf
 
arm-none-eabi-size   cv4.elf 
arm-none-eabi-objdump -h -S  cv4.elf  > "cv4.list"
   text	   data	    bss	    dec	    hex	filename
  10388	     20	   1772	  12180	   2f94	cv4.elf
Finished building: default.size.stdout
 
Finished building: cv4.list
 
10:38:26 **** Incremental Build of configuration Debug for project cv4 ****
make -j4 all 
arm-none-eabi-gcc "../Core/Src/main.c" -mcpu=cortex-m0 -std=gnu11 -g3 -DDEBUG -DUSE_HAL_DRIVER -DSTM32F030x8 -c -I../Core/Inc -I../Drivers/STM32F0xx_HAL_Driver/Inc -I../Drivers/STM32F0xx_HAL_Driver/Inc/Legacy -I../Drivers/CMSIS/Device/ST/STM32F0xx/Include -I../Drivers/CMSIS/Include -O0 -ffunction-sections -fdata-sections -Wall -fstack-usage -fcyclomatic-complexity -MMD -MP -MF"Core/Src/main.d" -MT"Core/Src/main.o" --specs=nano.specs -mfloat-abi=soft -mthumb -o "Core/Src/main.o"
arm-none-eabi-gcc -o "cv4.elf" @"objects.list"   -mcpu=cortex-m0 -T"C:\Temp\xpecon00\MPC-MKS\cv4\cv4\STM32F030R8TX_FLASH.ld" --specs=nosys.specs -Wl,-Map="cv4.map" -Wl,--gc-sections -static --specs=nano.specs -mfloat-abi=soft -mthumb -Wl,--start-group -lc -lm -Wl,--end-group
Finished building target: cv4.elf
 
arm-none-eabi-size   cv4.elf 
arm-none-eabi-objdump -h -S  cv4.elf  > "cv4.list"
   text	   data	    bss	    dec	    hex	filename
  10388	     20	   1772	  12180	   2f94	cv4.elf
Finished building: default.size.stdout
 
Finished building: cv4.list
 
10:39:07 **** Incremental Build of configuration Debug for project cv4 ****
make -j4 all 
arm-none-eabi-size   cv4.elf 
   text	   data	    bss	    dec	    hex	filename
  10388	     20	   1772	  12180	   2f94	cv4.elf
Finished building: default.size.stdout
 
10:41:09 **** Incremental Build of configuration Debug for project cv4 ****
make -j4 all 
arm-none-eabi-gcc "../Core/Src/main.c" -mcpu=cortex-m0 -std=gnu11 -g3 -DDEBUG -DUSE_HAL_DRIVER -DSTM32F030x8 -c -I../Core/Inc -I../Drivers/STM32F0xx_HAL_Driver/Inc -I../Drivers/STM32F0xx_HAL_Driver/Inc/Legacy -I../Drivers/CMSIS/Device/ST/STM32F0xx/Include -I../Drivers/CMSIS/Include -O0 -ffunction-sections -fdata-sections -Wall -fstack-usage -fcyclomatic-complexity -MMD -MP -MF"Core/Src/main.d" -MT"Core/Src/main.o" --specs=nano.specs -mfloat-abi=soft -mthumb -o "Core/Src/main.o"
arm-none-eabi-gcc -o "cv4.elf" @"objects.list"   -mcpu=cortex-m0 -T"C:\Temp\xpecon00\MPC-MKS\cv4\cv4\STM32F030R8TX_FLASH.ld" --specs=nosys.specs -Wl,-Map="cv4.map" -Wl,--gc-sections -static --specs=nano.specs -mfloat-abi=soft -mthumb -Wl,--start-group -lc -lm -Wl,--end-group
Finished building target: cv4.elf
 
arm-none-eabi-size   cv4.elf 
arm-none-eabi-objdump -h -S  cv4.elf  > "cv4.list"
   text	   data	    bss	    dec	    hex	filename
  10380	     20	   1772	  12172	   2f8c	cv4.elf
Finished building: default.size.stdout
 
Finished building: cv4.list
 
10:41:41 **** Incremental Build of configuration Debug for project cv4 ****
make -j4 all 
arm-none-eabi-gcc "../Core/Src/main.c" -mcpu=cortex-m0 -std=gnu11 -g3 -DDEBUG -DUSE_HAL_DRIVER -DSTM32F030x8 -c -I../Core/Inc -I../Drivers/STM32F0xx_HAL_Driver/Inc -I../Drivers/STM32F0xx_HAL_Driver/Inc/Legacy -I../Drivers/CMSIS/Device/ST/STM32F0xx/Include -I../Drivers/CMSIS/Include -O0 -ffunction-sections -fdata-sections -Wall -fstack-usage -fcyclomatic-complexity -MMD -MP -MF"Core/Src/main.d" -MT"Core/Src/main.o" --specs=nano.specs -mfloat-abi=soft -mthumb -o "Core/Src/main.o"
arm-none-eabi-gcc -o "cv4.elf" @"objects.list"   -mcpu=cortex-m0 -T"C:\Temp\xpecon00\MPC-MKS\cv4\cv4\STM32F030R8TX_FLASH.ld" --specs=nosys.specs -Wl,-Map="cv4.map" -Wl,--gc-sections -static --specs=nano.specs -mfloat-abi=soft -mthumb -Wl,--start-group -lc -lm -Wl,--end-group
Finished building target: cv4.elf
 
arm-none-eabi-size   cv4.elf 
arm-none-eabi-objdump -h -S  cv4.elf  > "cv4.list"
   text	   data	    bss	    dec	    hex	filename
  16156	     20	   1772	  17948	   461c	cv4.elf
Finished building: default.size.stdout
 
Finished building: cv4.list
 
10:49:01 **** Incremental Build of configuration Debug for project cv4 ****
make -j4 all 
arm-none-eabi-gcc "../Core/Src/sct.c" -mcpu=cortex-m0 -std=gnu11 -g3 -DDEBUG -DUSE_HAL_DRIVER -DSTM32F030x8 -c -I../Core/Inc -I../Drivers/STM32F0xx_HAL_Driver/Inc -I../Drivers/STM32F0xx_HAL_Driver/Inc/Legacy -I../Drivers/CMSIS/Device/ST/STM32F0xx/Include -I../Drivers/CMSIS/Include -O0 -ffunction-sections -fdata-sections -Wall -fstack-usage -fcyclomatic-complexity -MMD -MP -MF"Core/Src/sct.d" -MT"Core/Src/sct.o" --specs=nano.specs -mfloat-abi=soft -mthumb -o "Core/Src/sct.o"
../Core/Src/sct.c:72:17: warning: excess elements in array initializer
   72 |                 {
      |                 ^
../Core/Src/sct.c:72:17: note: (near initialization for 'reg_values')
arm-none-eabi-gcc -o "cv4.elf" @"objects.list"   -mcpu=cortex-m0 -T"C:\Temp\xpecon00\MPC-MKS\cv4\cv4\STM32F030R8TX_FLASH.ld" --specs=nosys.specs -Wl,-Map="cv4.map" -Wl,--gc-sections -static --specs=nano.specs -mfloat-abi=soft -mthumb -Wl,--start-group -lc -lm -Wl,--end-group
Finished building target: cv4.elf
 
arm-none-eabi-size   cv4.elf 
arm-none-eabi-objdump -h -S  cv4.elf  > "cv4.list"
   text	   data	    bss	    dec	    hex	filename
  16180	     20	   1772	  17972	   4634	cv4.elf
Finished building: default.size.stdout
 
Finished building: cv4.list
 
10:49:41 **** Incremental Build of configuration Debug for project cv4 ****
make -j4 all 
arm-none-eabi-gcc "../Core/Src/main.c" -mcpu=cortex-m0 -std=gnu11 -g3 -DDEBUG -DUSE_HAL_DRIVER -DSTM32F030x8 -c -I../Core/Inc -I../Drivers/STM32F0xx_HAL_Driver/Inc -I../Drivers/STM32F0xx_HAL_Driver/Inc/Legacy -I../Drivers/CMSIS/Device/ST/STM32F0xx/Include -I../Drivers/CMSIS/Include -O0 -ffunction-sections -fdata-sections -Wall -fstack-usage -fcyclomatic-complexity -MMD -MP -MF"Core/Src/main.d" -MT"Core/Src/main.o" --specs=nano.specs -mfloat-abi=soft -mthumb -o "Core/Src/main.o"
../Core/Src/main.c: In function 'main':
../Core/Src/main.c:113:21: error: 'led' undeclared (first use in this function)
  113 |           sct_value(led)
      |                     ^~~
../Core/Src/main.c:113:21: note: each undeclared identifier is reported only once for each function it appears in
../Core/Src/main.c:113:25: error: expected ';' before 'HAL_Delay'
  113 |           sct_value(led)
      |                         ^
      |                         ;
  114 |           HAL_Delay(50);
      |           ~~~~~~~~~      
make: *** [Core/Src/subdir.mk:37: Core/Src/main.o] Error 1
"make -j4 all" terminated with exit code 2. Build might be incomplete.
10:49:48 **** Incremental Build of configuration Debug for project cv4 ****
make -j4 all 
arm-none-eabi-gcc "../Core/Src/main.c" -mcpu=cortex-m0 -std=gnu11 -g3 -DDEBUG -DUSE_HAL_DRIVER -DSTM32F030x8 -c -I../Core/Inc -I../Drivers/STM32F0xx_HAL_Driver/Inc -I../Drivers/STM32F0xx_HAL_Driver/Inc/Legacy -I../Drivers/CMSIS/Device/ST/STM32F0xx/Include -I../Drivers/CMSIS/Include -O0 -ffunction-sections -fdata-sections -Wall -fstack-usage -fcyclomatic-complexity -MMD -MP -MF"Core/Src/main.d" -MT"Core/Src/main.o" --specs=nano.specs -mfloat-abi=soft -mthumb -o "Core/Src/main.o"
../Core/Src/main.c: In function 'main':
../Core/Src/main.c:113:21: error: 'led' undeclared (first use in this function)
  113 |           sct_value(led);
      |                     ^~~
../Core/Src/main.c:113:21: note: each undeclared identifier is reported only once for each function it appears in
make: *** [Core/Src/subdir.mk:37: Core/Src/main.o] Error 1
"make -j4 all" terminated with exit code 2. Build might be incomplete.
10:50:43 **** Incremental Build of configuration Debug for project cv4 ****
make -j4 all 
arm-none-eabi-gcc "../Core/Src/main.c" -mcpu=cortex-m0 -std=gnu11 -g3 -DDEBUG -DUSE_HAL_DRIVER -DSTM32F030x8 -c -I../Core/Inc -I../Drivers/STM32F0xx_HAL_Driver/Inc -I../Drivers/STM32F0xx_HAL_Driver/Inc/Legacy -I../Drivers/CMSIS/Device/ST/STM32F0xx/Include -I../Drivers/CMSIS/Include -O0 -ffunction-sections -fdata-sections -Wall -fstack-usage -fcyclomatic-complexity -MMD -MP -MF"Core/Src/main.d" -MT"Core/Src/main.o" --specs=nano.specs -mfloat-abi=soft -mthumb -o "Core/Src/main.o"
../Core/Src/main.c: In function 'main':
../Core/Src/main.c:113:21: error: 'led' undeclared (first use in this function)
  113 |           sct_value(led);
      |                     ^~~
../Core/Src/main.c:113:21: note: each undeclared identifier is reported only once for each function it appears in
make: *** [Core/Src/subdir.mk:37: Core/Src/main.o] Error 1
"make -j4 all" terminated with exit code 2. Build might be incomplete.
10:52:56 **** Incremental Build of configuration Debug for project cv4 ****
make -j4 all 
arm-none-eabi-gcc "../Core/Src/main.c" -mcpu=cortex-m0 -std=gnu11 -g3 -DDEBUG -DUSE_HAL_DRIVER -DSTM32F030x8 -c -I../Core/Inc -I../Drivers/STM32F0xx_HAL_Driver/Inc -I../Drivers/STM32F0xx_HAL_Driver/Inc/Legacy -I../Drivers/CMSIS/Device/ST/STM32F0xx/Include -I../Drivers/CMSIS/Include -O0 -ffunction-sections -fdata-sections -Wall -fstack-usage -fcyclomatic-complexity -MMD -MP -MF"Core/Src/main.d" -MT"Core/Src/main.o" --specs=nano.specs -mfloat-abi=soft -mthumb -o "Core/Src/main.o"
arm-none-eabi-gcc "../Core/Src/sct.c" -mcpu=cortex-m0 -std=gnu11 -g3 -DDEBUG -DUSE_HAL_DRIVER -DSTM32F030x8 -c -I../Core/Inc -I../Drivers/STM32F0xx_HAL_Driver/Inc -I../Drivers/STM32F0xx_HAL_Driver/Inc/Legacy -I../Drivers/CMSIS/Device/ST/STM32F0xx/Include -I../Drivers/CMSIS/Include -O0 -ffunction-sections -fdata-sections -Wall -fstack-usage -fcyclomatic-complexity -MMD -MP -MF"Core/Src/sct.d" -MT"Core/Src/sct.o" --specs=nano.specs -mfloat-abi=soft -mthumb -o "Core/Src/sct.o"
../Core/Src/main.c: In function 'main':
../Core/Src/main.c:113:21: error: 'led' undeclared (first use in this function)
  113 |           sct_value(led);
      |                     ^~~
../Core/Src/main.c:113:21: note: each undeclared identifier is reported only once for each function it appears in
../Core/Src/sct.c:72:17: warning: excess elements in array initializer
   72 |                 {
      |                 ^
../Core/Src/sct.c:72:17: note: (near initialization for 'reg_values')
make: *** [Core/Src/subdir.mk:37: Core/Src/main.o] Error 1
make: *** Waiting for unfinished jobs....
"make -j4 all" terminated with exit code 2. Build might be incomplete.
10:53:06 **** Incremental Build of configuration Debug for project cv4 ****
make -j4 all 
arm-none-eabi-gcc "../Core/Src/main.c" -mcpu=cortex-m0 -std=gnu11 -g3 -DDEBUG -DUSE_HAL_DRIVER -DSTM32F030x8 -c -I../Core/Inc -I../Drivers/STM32F0xx_HAL_Driver/Inc -I../Drivers/STM32F0xx_HAL_Driver/Inc/Legacy -I../Drivers/CMSIS/Device/ST/STM32F0xx/Include -I../Drivers/CMSIS/Include -O0 -ffunction-sections -fdata-sections -Wall -fstack-usage -fcyclomatic-complexity -MMD -MP -MF"Core/Src/main.d" -MT"Core/Src/main.o" --specs=nano.specs -mfloat-abi=soft -mthumb -o "Core/Src/main.o"
arm-none-eabi-gcc -o "cv4.elf" @"objects.list"   -mcpu=cortex-m0 -T"C:\Temp\xpecon00\MPC-MKS\cv4\cv4\STM32F030R8TX_FLASH.ld" --specs=nosys.specs -Wl,-Map="cv4.map" -Wl,--gc-sections -static --specs=nano.specs -mfloat-abi=soft -mthumb -Wl,--start-group -lc -lm -Wl,--end-group
Finished building target: cv4.elf
 
arm-none-eabi-size   cv4.elf 
arm-none-eabi-objdump -h -S  cv4.elf  > "cv4.list"
   text	   data	    bss	    dec	    hex	filename
  16200	     20	   1772	  17992	   4648	cv4.elf
Finished building: default.size.stdout
 
Finished building: cv4.list
 
10:53:46 **** Incremental Build of configuration Debug for project cv4 ****
make -j4 all 
arm-none-eabi-gcc "../Core/Src/sct.c" -mcpu=cortex-m0 -std=gnu11 -g3 -DDEBUG -DUSE_HAL_DRIVER -DSTM32F030x8 -c -I../Core/Inc -I../Drivers/STM32F0xx_HAL_Driver/Inc -I../Drivers/STM32F0xx_HAL_Driver/Inc/Legacy -I../Drivers/CMSIS/Device/ST/STM32F0xx/Include -I../Drivers/CMSIS/Include -O0 -ffunction-sections -fdata-sections -Wall -fstack-usage -fcyclomatic-complexity -MMD -MP -MF"Core/Src/sct.d" -MT"Core/Src/sct.o" --specs=nano.specs -mfloat-abi=soft -mthumb -o "Core/Src/sct.o"
../Core/Src/sct.c:72:17: warning: excess elements in array initializer
   72 |                 {
      |                 ^
../Core/Src/sct.c:72:17: note: (near initialization for 'reg_values')
arm-none-eabi-gcc -o "cv4.elf" @"objects.list"   -mcpu=cortex-m0 -T"C:\Temp\xpecon00\MPC-MKS\cv4\cv4\STM32F030R8TX_FLASH.ld" --specs=nosys.specs -Wl,-Map="cv4.map" -Wl,--gc-sections -static --specs=nano.specs -mfloat-abi=soft -mthumb -Wl,--start-group -lc -lm -Wl,--end-group
Finished building target: cv4.elf
 
arm-none-eabi-size   cv4.elf 
arm-none-eabi-objdump -h -S  cv4.elf  > "cv4.list"
   text	   data	    bss	    dec	    hex	filename
  16192	     20	   1772	  17984	   4640	cv4.elf
Finished building: default.size.stdout
 
Finished building: cv4.list
 
10:54:23 **** Incremental Build of configuration Debug for project cv4 ****
make -j4 all 
arm-none-eabi-gcc "../Core/Src/sct.c" -mcpu=cortex-m0 -std=gnu11 -g3 -DDEBUG -DUSE_HAL_DRIVER -DSTM32F030x8 -c -I../Core/Inc -I../Drivers/STM32F0xx_HAL_Driver/Inc -I../Drivers/STM32F0xx_HAL_Driver/Inc/Legacy -I../Drivers/CMSIS/Device/ST/STM32F0xx/Include -I../Drivers/CMSIS/Include -O0 -ffunction-sections -fdata-sections -Wall -fstack-usage -fcyclomatic-complexity -MMD -MP -MF"Core/Src/sct.d" -MT"Core/Src/sct.o" --specs=nano.specs -mfloat-abi=soft -mthumb -o "Core/Src/sct.o"
../Core/Src/sct.c:72:17: warning: excess elements in array initializer
   72 |                 {
      |                 ^
../Core/Src/sct.c:72:17: note: (near initialization for 'reg_values')
arm-none-eabi-gcc -o "cv4.elf" @"objects.list"   -mcpu=cortex-m0 -T"C:\Temp\xpecon00\MPC-MKS\cv4\cv4\STM32F030R8TX_FLASH.ld" --specs=nosys.specs -Wl,-Map="cv4.map" -Wl,--gc-sections -static --specs=nano.specs -mfloat-abi=soft -mthumb -Wl,--start-group -lc -lm -Wl,--end-group
Finished building target: cv4.elf
 
arm-none-eabi-size   cv4.elf 
arm-none-eabi-objdump -h -S  cv4.elf  > "cv4.list"
   text	   data	    bss	    dec	    hex	filename
  16188	     20	   1772	  17980	   463c	cv4.elf
Finished building: default.size.stdout
 
Finished building: cv4.list
 
10:59:42 **** Incremental Build of configuration Debug for project cv4 ****
make -j4 all 
arm-none-eabi-gcc "../Core/Src/main.c" -mcpu=cortex-m0 -std=gnu11 -g3 -DDEBUG -DUSE_HAL_DRIVER -DSTM32F030x8 -c -I../Core/Inc -I../Drivers/STM32F0xx_HAL_Driver/Inc -I../Drivers/STM32F0xx_HAL_Driver/Inc/Legacy -I../Drivers/CMSIS/Device/ST/STM32F0xx/Include -I../Drivers/CMSIS/Include -O0 -ffunction-sections -fdata-sections -Wall -fstack-usage -fcyclomatic-complexity -MMD -MP -MF"Core/Src/main.d" -MT"Core/Src/main.o" --specs=nano.specs -mfloat-abi=soft -mthumb -o "Core/Src/main.o"
arm-none-eabi-gcc "../Core/Src/sct.c" -mcpu=cortex-m0 -std=gnu11 -g3 -DDEBUG -DUSE_HAL_DRIVER -DSTM32F030x8 -c -I../Core/Inc -I../Drivers/STM32F0xx_HAL_Driver/Inc -I../Drivers/STM32F0xx_HAL_Driver/Inc/Legacy -I../Drivers/CMSIS/Device/ST/STM32F0xx/Include -I../Drivers/CMSIS/Include -O0 -ffunction-sections -fdata-sections -Wall -fstack-usage -fcyclomatic-complexity -MMD -MP -MF"Core/Src/sct.d" -MT"Core/Src/sct.o" --specs=nano.specs -mfloat-abi=soft -mthumb -o "Core/Src/sct.o"
../Core/Src/main.c: In function 'main':
../Core/Src/main.c:112:11: error: too many arguments to function 'sct_value'
  112 |           sct_value(raw, raw_pot*9/4096.0);
      |           ^~~~~~~~~
In file included from ../Core/Src/main.c:21:
../Core/Inc/sct.h:13:6: note: declared here
   13 | void sct_value(uint16_t value);
      |      ^~~~~~~~~
../Core/Src/sct.c:72:17: warning: excess elements in array initializer
   72 |                 {
      |                 ^
../Core/Src/sct.c:72:17: note: (near initialization for 'reg_values')
../Core/Src/sct.c:90:6: error: conflicting types for 'sct_value'; have 'void(uint16_t,  uint8_t)' {aka 'void(short unsigned int,  unsigned char)'}
   90 | void sct_value(uint16_t value, uint8_t led)
      |      ^~~~~~~~~
In file included from ../Core/Src/sct.c:9:
../Core/Inc/sct.h:13:6: note: previous declaration of 'sct_value' with type 'void(uint16_t)' {aka 'void(short unsigned int)'}
   13 | void sct_value(uint16_t value);
      |      ^~~~~~~~~
make: *** [Core/Src/subdir.mk:37: Core/Src/main.o] Error 1
make: *** Waiting for unfinished jobs....
make: *** [Core/Src/subdir.mk:37: Core/Src/sct.o] Error 1
"make -j4 all" terminated with exit code 2. Build might be incomplete.
11:01:04 **** Incremental Build of configuration Debug for project cv4 ****
make -j4 all 
arm-none-eabi-gcc "../Core/Src/main.c" -mcpu=cortex-m0 -std=gnu11 -g3 -DDEBUG -DUSE_HAL_DRIVER -DSTM32F030x8 -c -I../Core/Inc -I../Drivers/STM32F0xx_HAL_Driver/Inc -I../Drivers/STM32F0xx_HAL_Driver/Inc/Legacy -I../Drivers/CMSIS/Device/ST/STM32F0xx/Include -I../Drivers/CMSIS/Include -O0 -ffunction-sections -fdata-sections -Wall -fstack-usage -fcyclomatic-complexity -MMD -MP -MF"Core/Src/main.d" -MT"Core/Src/main.o" --specs=nano.specs -mfloat-abi=soft -mthumb -o "Core/Src/main.o"
arm-none-eabi-gcc "../Core/Src/sct.c" -mcpu=cortex-m0 -std=gnu11 -g3 -DDEBUG -DUSE_HAL_DRIVER -DSTM32F030x8 -c -I../Core/Inc -I../Drivers/STM32F0xx_HAL_Driver/Inc -I../Drivers/STM32F0xx_HAL_Driver/Inc/Legacy -I../Drivers/CMSIS/Device/ST/STM32F0xx/Include -I../Drivers/CMSIS/Include -O0 -ffunction-sections -fdata-sections -Wall -fstack-usage -fcyclomatic-complexity -MMD -MP -MF"Core/Src/sct.d" -MT"Core/Src/sct.o" --specs=nano.specs -mfloat-abi=soft -mthumb -o "Core/Src/sct.o"
../Core/Src/main.c: In function 'main':
../Core/Src/main.c:111:11: error: too many arguments to function 'sct_value'
  111 |           sct_value(raw_pot*(500+1)/4096, raw_pot*9/4096);
      |           ^~~~~~~~~
In file included from ../Core/Src/main.c:21:
../Core/Inc/sct.h:13:6: note: declared here
   13 | void sct_value(uint16_t value);
      |      ^~~~~~~~~
../Core/Src/sct.c:72:17: warning: excess elements in array initializer
   72 |                 {
      |                 ^
../Core/Src/sct.c:72:17: note: (near initialization for 'reg_values')
../Core/Src/sct.c:90:6: error: conflicting types for 'sct_value'; have 'void(uint16_t,  uint8_t)' {aka 'void(short unsigned int,  unsigned char)'}
   90 | void sct_value(uint16_t value, uint8_t led)
      |      ^~~~~~~~~
In file included from ../Core/Src/sct.c:9:
../Core/Inc/sct.h:13:6: note: previous declaration of 'sct_value' with type 'void(uint16_t)' {aka 'void(short unsigned int)'}
   13 | void sct_value(uint16_t value);
      |      ^~~~~~~~~
make: *** [Core/Src/subdir.mk:37: Core/Src/main.o] Error 1
make: *** Waiting for unfinished jobs....
make: *** [Core/Src/subdir.mk:37: Core/Src/sct.o] Error 1
"make -j4 all" terminated with exit code 2. Build might be incomplete.
11:01:32 **** Incremental Build of configuration Debug for project cv4 ****
make -j4 all 
arm-none-eabi-gcc "../Core/Src/main.c" -mcpu=cortex-m0 -std=gnu11 -g3 -DDEBUG -DUSE_HAL_DRIVER -DSTM32F030x8 -c -I../Core/Inc -I../Drivers/STM32F0xx_HAL_Driver/Inc -I../Drivers/STM32F0xx_HAL_Driver/Inc/Legacy -I../Drivers/CMSIS/Device/ST/STM32F0xx/Include -I../Drivers/CMSIS/Include -O0 -ffunction-sections -fdata-sections -Wall -fstack-usage -fcyclomatic-complexity -MMD -MP -MF"Core/Src/main.d" -MT"Core/Src/main.o" --specs=nano.specs -mfloat-abi=soft -mthumb -o "Core/Src/main.o"
arm-none-eabi-gcc "../Core/Src/sct.c" -mcpu=cortex-m0 -std=gnu11 -g3 -DDEBUG -DUSE_HAL_DRIVER -DSTM32F030x8 -c -I../Core/Inc -I../Drivers/STM32F0xx_HAL_Driver/Inc -I../Drivers/STM32F0xx_HAL_Driver/Inc/Legacy -I../Drivers/CMSIS/Device/ST/STM32F0xx/Include -I../Drivers/CMSIS/Include -O0 -ffunction-sections -fdata-sections -Wall -fstack-usage -fcyclomatic-complexity -MMD -MP -MF"Core/Src/sct.d" -MT"Core/Src/sct.o" --specs=nano.specs -mfloat-abi=soft -mthumb -o "Core/Src/sct.o"
../Core/Src/main.c: In function 'main':
../Core/Src/main.c:111:11: error: too many arguments to function 'sct_value'
  111 |           sct_value((raw_pot*(500+1))/4096, (raw_pot*9)/4096);
      |           ^~~~~~~~~
In file included from ../Core/Src/main.c:21:
../Core/Inc/sct.h:13:6: note: declared here
   13 | void sct_value(uint16_t value);
      |      ^~~~~~~~~
../Core/Src/sct.c:72:17: warning: excess elements in array initializer
   72 |                 {
      |                 ^
../Core/Src/sct.c:72:17: note: (near initialization for 'reg_values')
../Core/Src/sct.c:90:6: error: conflicting types for 'sct_value'; have 'void(uint16_t,  uint8_t)' {aka 'void(short unsigned int,  unsigned char)'}
   90 | void sct_value(uint16_t value, uint8_t led)
      |      ^~~~~~~~~
In file included from ../Core/Src/sct.c:9:
../Core/Inc/sct.h:13:6: note: previous declaration of 'sct_value' with type 'void(uint16_t)' {aka 'void(short unsigned int)'}
   13 | void sct_value(uint16_t value);
      |      ^~~~~~~~~
make: *** [Core/Src/subdir.mk:37: Core/Src/main.o] Error 1
make: *** Waiting for unfinished jobs....
make: *** [Core/Src/subdir.mk:37: Core/Src/sct.o] Error 1
"make -j4 all" terminated with exit code 2. Build might be incomplete.
11:03:43 **** Incremental Build of configuration Debug for project cv4 ****
make -j4 all 
arm-none-eabi-gcc "../Core/Src/main.c" -mcpu=cortex-m0 -std=gnu11 -g3 -DDEBUG -DUSE_HAL_DRIVER -DSTM32F030x8 -c -I../Core/Inc -I../Drivers/STM32F0xx_HAL_Driver/Inc -I../Drivers/STM32F0xx_HAL_Driver/Inc/Legacy -I../Drivers/CMSIS/Device/ST/STM32F0xx/Include -I../Drivers/CMSIS/Include -O0 -ffunction-sections -fdata-sections -Wall -fstack-usage -fcyclomatic-complexity -MMD -MP -MF"Core/Src/main.d" -MT"Core/Src/main.o" --specs=nano.specs -mfloat-abi=soft -mthumb -o "Core/Src/main.o"
arm-none-eabi-gcc "../Core/Src/sct.c" -mcpu=cortex-m0 -std=gnu11 -g3 -DDEBUG -DUSE_HAL_DRIVER -DSTM32F030x8 -c -I../Core/Inc -I../Drivers/STM32F0xx_HAL_Driver/Inc -I../Drivers/STM32F0xx_HAL_Driver/Inc/Legacy -I../Drivers/CMSIS/Device/ST/STM32F0xx/Include -I../Drivers/CMSIS/Include -O0 -ffunction-sections -fdata-sections -Wall -fstack-usage -fcyclomatic-complexity -MMD -MP -MF"Core/Src/sct.d" -MT"Core/Src/sct.o" --specs=nano.specs -mfloat-abi=soft -mthumb -o "Core/Src/sct.o"
../Core/Src/sct.c:72:17: warning: excess elements in array initializer
   72 |                 {
      |                 ^
../Core/Src/sct.c:72:17: note: (near initialization for 'reg_values')
arm-none-eabi-gcc -o "cv4.elf" @"objects.list"   -mcpu=cortex-m0 -T"C:\Temp\xpecon00\MPC-MKS\cv4\cv4\STM32F030R8TX_FLASH.ld" --specs=nosys.specs -Wl,-Map="cv4.map" -Wl,--gc-sections -static --specs=nano.specs -mfloat-abi=soft -mthumb -Wl,--start-group -lc -lm -Wl,--end-group
Finished building target: cv4.elf
 
arm-none-eabi-size   cv4.elf 
arm-none-eabi-objdump -h -S  cv4.elf  > "cv4.list"
   text	   data	    bss	    dec	    hex	filename
  10420	     20	   1772	  12212	   2fb4	cv4.elf
Finished building: default.size.stdout
 
Finished building: cv4.list
 
11:08:04 **** Incremental Build of configuration Debug for project cv4 ****
make -j4 all 
arm-none-eabi-gcc "../Core/Src/sct.c" -mcpu=cortex-m0 -std=gnu11 -g3 -DDEBUG -DUSE_HAL_DRIVER -DSTM32F030x8 -c -I../Core/Inc -I../Drivers/STM32F0xx_HAL_Driver/Inc -I../Drivers/STM32F0xx_HAL_Driver/Inc/Legacy -I../Drivers/CMSIS/Device/ST/STM32F0xx/Include -I../Drivers/CMSIS/Include -O0 -ffunction-sections -fdata-sections -Wall -fstack-usage -fcyclomatic-complexity -MMD -MP -MF"Core/Src/sct.d" -MT"Core/Src/sct.o" --specs=nano.specs -mfloat-abi=soft -mthumb -o "Core/Src/sct.o"
../Core/Src/sct.c:72:17: warning: excess elements in array initializer
   72 |                 {
      |                 ^
../Core/Src/sct.c:72:17: note: (near initialization for 'reg_values')
arm-none-eabi-gcc -o "cv4.elf" @"objects.list"   -mcpu=cortex-m0 -T"C:\Temp\xpecon00\MPC-MKS\cv4\cv4\STM32F030R8TX_FLASH.ld" --specs=nosys.specs -Wl,-Map="cv4.map" -Wl,--gc-sections -static --specs=nano.specs -mfloat-abi=soft -mthumb -Wl,--start-group -lc -lm -Wl,--end-group
Finished building target: cv4.elf
 
arm-none-eabi-size   cv4.elf 
arm-none-eabi-objdump -h -S  cv4.elf  > "cv4.list"
   text	   data	    bss	    dec	    hex	filename
  10420	     20	   1772	  12212	   2fb4	cv4.elf
Finished building: default.size.stdout
 
Finished building: cv4.list
 
11:08:49 **** Incremental Build of configuration Debug for project cv4 ****
make -j4 all 
arm-none-eabi-gcc "../Core/Src/main.c" -mcpu=cortex-m0 -std=gnu11 -g3 -DDEBUG -DUSE_HAL_DRIVER -DSTM32F030x8 -c -I../Core/Inc -I../Drivers/STM32F0xx_HAL_Driver/Inc -I../Drivers/STM32F0xx_HAL_Driver/Inc/Legacy -I../Drivers/CMSIS/Device/ST/STM32F0xx/Include -I../Drivers/CMSIS/Include -O0 -ffunction-sections -fdata-sections -Wall -fstack-usage -fcyclomatic-complexity -MMD -MP -MF"Core/Src/main.d" -MT"Core/Src/main.o" --specs=nano.specs -mfloat-abi=soft -mthumb -o "Core/Src/main.o"
arm-none-eabi-gcc -o "cv4.elf" @"objects.list"   -mcpu=cortex-m0 -T"C:\Temp\xpecon00\MPC-MKS\cv4\cv4\STM32F030R8TX_FLASH.ld" --specs=nosys.specs -Wl,-Map="cv4.map" -Wl,--gc-sections -static --specs=nano.specs -mfloat-abi=soft -mthumb -Wl,--start-group -lc -lm -Wl,--end-group
Finished building target: cv4.elf
 
arm-none-eabi-size   cv4.elf 
arm-none-eabi-objdump -h -S  cv4.elf  > "cv4.list"
   text	   data	    bss	    dec	    hex	filename
  16192	     20	   1772	  17984	   4640	cv4.elf
Finished building: default.size.stdout
 
Finished building: cv4.list
 
11:09:18 **** Incremental Build of configuration Debug for project cv4 ****
make -j4 all 
arm-none-eabi-gcc "../Core/Src/main.c" -mcpu=cortex-m0 -std=gnu11 -g3 -DDEBUG -DUSE_HAL_DRIVER -DSTM32F030x8 -c -I../Core/Inc -I../Drivers/STM32F0xx_HAL_Driver/Inc -I../Drivers/STM32F0xx_HAL_Driver/Inc/Legacy -I../Drivers/CMSIS/Device/ST/STM32F0xx/Include -I../Drivers/CMSIS/Include -O0 -ffunction-sections -fdata-sections -Wall -fstack-usage -fcyclomatic-complexity -MMD -MP -MF"Core/Src/main.d" -MT"Core/Src/main.o" --specs=nano.specs -mfloat-abi=soft -mthumb -o "Core/Src/main.o"
../Core/Src/main.c: In function 'main':
../Core/Src/main.c:111:11: error: too few arguments to function 'sct_value'
  111 |           sct_value((raw_pot/4096.0)*500)
      |           ^~~~~~~~~
In file included from ../Core/Src/main.c:21:
../Core/Inc/sct.h:13:6: note: declared here
   13 | void sct_value(uint16_t value, uint8_t led);
      |      ^~~~~~~~~
../Core/Src/main.c:111:42: error: expected ';' before 'HAL_Delay'
  111 |           sct_value((raw_pot/4096.0)*500)
      |                                          ^
      |                                          ;
  112 |           HAL_Delay(50);
      |           ~~~~~~~~~                       
make: *** [Core/Src/subdir.mk:37: Core/Src/main.o] Error 1
"make -j4 all" terminated with exit code 2. Build might be incomplete.
11:09:54 **** Incremental Build of configuration Debug for project cv4 ****
make -j4 all 
arm-none-eabi-gcc "../Core/Src/main.c" -mcpu=cortex-m0 -std=gnu11 -g3 -DDEBUG -DUSE_HAL_DRIVER -DSTM32F030x8 -c -I../Core/Inc -I../Drivers/STM32F0xx_HAL_Driver/Inc -I../Drivers/STM32F0xx_HAL_Driver/Inc/Legacy -I../Drivers/CMSIS/Device/ST/STM32F0xx/Include -I../Drivers/CMSIS/Include -O0 -ffunction-sections -fdata-sections -Wall -fstack-usage -fcyclomatic-complexity -MMD -MP -MF"Core/Src/main.d" -MT"Core/Src/main.o" --specs=nano.specs -mfloat-abi=soft -mthumb -o "Core/Src/main.o"
../Core/Src/main.c: In function 'main':
../Core/Src/main.c:110:40: error: expected ',' or ';' before ')' token
  110 |           uint16_t raw = raw_pot/4096.0)*500;
      |                                        ^
../Core/Src/main.c:111:11: error: too few arguments to function 'sct_value'
  111 |           sct_value(raw);
      |           ^~~~~~~~~
In file included from ../Core/Src/main.c:21:
../Core/Inc/sct.h:13:6: note: declared here
   13 | void sct_value(uint16_t value, uint8_t led);
      |      ^~~~~~~~~
make: *** [Core/Src/subdir.mk:37: Core/Src/main.o] Error 1
"make -j4 all" terminated with exit code 2. Build might be incomplete.
11:10:49 **** Incremental Build of configuration Debug for project cv4 ****
make -j4 all 
arm-none-eabi-gcc "../Core/Src/main.c" -mcpu=cortex-m0 -std=gnu11 -g3 -DDEBUG -DUSE_HAL_DRIVER -DSTM32F030x8 -c -I../Core/Inc -I../Drivers/STM32F0xx_HAL_Driver/Inc -I../Drivers/STM32F0xx_HAL_Driver/Inc/Legacy -I../Drivers/CMSIS/Device/ST/STM32F0xx/Include -I../Drivers/CMSIS/Include -O0 -ffunction-sections -fdata-sections -Wall -fstack-usage -fcyclomatic-complexity -MMD -MP -MF"Core/Src/main.d" -MT"Core/Src/main.o" --specs=nano.specs -mfloat-abi=soft -mthumb -o "Core/Src/main.o"
../Core/Src/main.c: In function 'main':
../Core/Src/main.c:110:40: error: expected ',' or ';' before ')' token
  110 |           uint16_t raw = raw_pot/4096.0)*500;
      |                                        ^
../Core/Src/main.c:111:41: error: expected ',' or ';' before ')' token
  111 |           uint16_t raw1 = raw_pot/4096.0)*9;
      |                                         ^
make: *** [Core/Src/subdir.mk:37: Core/Src/main.o] Error 1
"make -j4 all" terminated with exit code 2. Build might be incomplete.
11:11:48 **** Incremental Build of configuration Debug for project cv4 ****
make -j4 all 
arm-none-eabi-gcc "../Core/Src/main.c" -mcpu=cortex-m0 -std=gnu11 -g3 -DDEBUG -DUSE_HAL_DRIVER -DSTM32F030x8 -c -I../Core/Inc -I../Drivers/STM32F0xx_HAL_Driver/Inc -I../Drivers/STM32F0xx_HAL_Driver/Inc/Legacy -I../Drivers/CMSIS/Device/ST/STM32F0xx/Include -I../Drivers/CMSIS/Include -O0 -ffunction-sections -fdata-sections -Wall -fstack-usage -fcyclomatic-complexity -MMD -MP -MF"Core/Src/main.d" -MT"Core/Src/main.o" --specs=nano.specs -mfloat-abi=soft -mthumb -o "Core/Src/main.o"
../Core/Src/main.c: In function 'main':
../Core/Src/main.c:110:40: error: expected ',' or ';' before ')' token
  110 |           uint16_t raw = raw_pot/4096.0)*500;
      |                                        ^
../Core/Src/main.c:111:41: error: expected ',' or ';' before ')' token
  111 |           uint16_t raw1 = raw_pot/4096.0)*9;
      |                                         ^
make: *** [Core/Src/subdir.mk:37: Core/Src/main.o] Error 1
"make -j4 all" terminated with exit code 2. Build might be incomplete.
11:12:23 **** Incremental Build of configuration Debug for project cv4 ****
make -j4 all 
arm-none-eabi-gcc "../Core/Src/main.c" -mcpu=cortex-m0 -std=gnu11 -g3 -DDEBUG -DUSE_HAL_DRIVER -DSTM32F030x8 -c -I../Core/Inc -I../Drivers/STM32F0xx_HAL_Driver/Inc -I../Drivers/STM32F0xx_HAL_Driver/Inc/Legacy -I../Drivers/CMSIS/Device/ST/STM32F0xx/Include -I../Drivers/CMSIS/Include -O0 -ffunction-sections -fdata-sections -Wall -fstack-usage -fcyclomatic-complexity -MMD -MP -MF"Core/Src/main.d" -MT"Core/Src/main.o" --specs=nano.specs -mfloat-abi=soft -mthumb -o "Core/Src/main.o"
arm-none-eabi-gcc -o "cv4.elf" @"objects.list"   -mcpu=cortex-m0 -T"C:\Temp\xpecon00\MPC-MKS\cv4\cv4\STM32F030R8TX_FLASH.ld" --specs=nosys.specs -Wl,-Map="cv4.map" -Wl,--gc-sections -static --specs=nano.specs -mfloat-abi=soft -mthumb -Wl,--start-group -lc -lm -Wl,--end-group
Finished building target: cv4.elf
 
arm-none-eabi-size   cv4.elf 
arm-none-eabi-objdump -h -S  cv4.elf  > "cv4.list"
   text	   data	    bss	    dec	    hex	filename
  16252	     20	   1772	  18044	   467c	cv4.elf
Finished building: default.size.stdout
 
Finished building: cv4.list
 
11:12:56 **** Incremental Build of configuration Debug for project cv4 ****
make -j4 all 
arm-none-eabi-gcc "../Core/Src/main.c" -mcpu=cortex-m0 -std=gnu11 -g3 -DDEBUG -DUSE_HAL_DRIVER -DSTM32F030x8 -c -I../Core/Inc -I../Drivers/STM32F0xx_HAL_Driver/Inc -I../Drivers/STM32F0xx_HAL_Driver/Inc/Legacy -I../Drivers/CMSIS/Device/ST/STM32F0xx/Include -I../Drivers/CMSIS/Include -O0 -ffunction-sections -fdata-sections -Wall -fstack-usage -fcyclomatic-complexity -MMD -MP -MF"Core/Src/main.d" -MT"Core/Src/main.o" --specs=nano.specs -mfloat-abi=soft -mthumb -o "Core/Src/main.o"
../Core/Src/main.c: In function 'main':
../Core/Src/main.c:112:11: error: too few arguments to function 'sct_value'
  112 |           sct_value(raw);
      |           ^~~~~~~~~
In file included from ../Core/Src/main.c:21:
../Core/Inc/sct.h:13:6: note: declared here
   13 | void sct_value(uint16_t value, uint8_t led);
      |      ^~~~~~~~~
../Core/Src/main.c:111:20: warning: unused variable 'raw1' [-Wunused-variable]
  111 |           uint16_t raw1 = (raw_pot/4096.0)*9;
      |                    ^~~~
make: *** [Core/Src/subdir.mk:37: Core/Src/main.o] Error 1
"make -j4 all" terminated with exit code 2. Build might be incomplete.
11:13:13 **** Incremental Build of configuration Debug for project cv4 ****
make -j4 all 
arm-none-eabi-gcc "../Core/Src/main.c" -mcpu=cortex-m0 -std=gnu11 -g3 -DDEBUG -DUSE_HAL_DRIVER -DSTM32F030x8 -c -I../Core/Inc -I../Drivers/STM32F0xx_HAL_Driver/Inc -I../Drivers/STM32F0xx_HAL_Driver/Inc/Legacy -I../Drivers/CMSIS/Device/ST/STM32F0xx/Include -I../Drivers/CMSIS/Include -O0 -ffunction-sections -fdata-sections -Wall -fstack-usage -fcyclomatic-complexity -MMD -MP -MF"Core/Src/main.d" -MT"Core/Src/main.o" --specs=nano.specs -mfloat-abi=soft -mthumb -o "Core/Src/main.o"
arm-none-eabi-gcc "../Core/Src/sct.c" -mcpu=cortex-m0 -std=gnu11 -g3 -DDEBUG -DUSE_HAL_DRIVER -DSTM32F030x8 -c -I../Core/Inc -I../Drivers/STM32F0xx_HAL_Driver/Inc -I../Drivers/STM32F0xx_HAL_Driver/Inc/Legacy -I../Drivers/CMSIS/Device/ST/STM32F0xx/Include -I../Drivers/CMSIS/Include -O0 -ffunction-sections -fdata-sections -Wall -fstack-usage -fcyclomatic-complexity -MMD -MP -MF"Core/Src/sct.d" -MT"Core/Src/sct.o" --specs=nano.specs -mfloat-abi=soft -mthumb -o "Core/Src/sct.o"
../Core/Src/main.c: In function 'main':
../Core/Src/main.c:111:20: warning: unused variable 'raw1' [-Wunused-variable]
  111 |           uint16_t raw1 = (raw_pot/4096.0)*9;
      |                    ^~~~
../Core/Src/sct.c:72:17: warning: excess elements in array initializer
   72 |                 {
      |                 ^
../Core/Src/sct.c:72:17: note: (near initialization for 'reg_values')
../Core/Src/sct.c: In function 'sct_value':
../Core/Src/sct.c:97:30: error: 'led' undeclared (first use in this function)
   97 |         reg |= reg_values[3][led];
      |                              ^~~
../Core/Src/sct.c:97:30: note: each undeclared identifier is reported only once for each function it appears in
make: *** [Core/Src/subdir.mk:37: Core/Src/sct.o] Error 1
make: *** Waiting for unfinished jobs....
"make -j4 all" terminated with exit code 2. Build might be incomplete.
11:13:23 **** Incremental Build of configuration Debug for project cv4 ****
make -j4 all 
arm-none-eabi-gcc "../Core/Src/sct.c" -mcpu=cortex-m0 -std=gnu11 -g3 -DDEBUG -DUSE_HAL_DRIVER -DSTM32F030x8 -c -I../Core/Inc -I../Drivers/STM32F0xx_HAL_Driver/Inc -I../Drivers/STM32F0xx_HAL_Driver/Inc/Legacy -I../Drivers/CMSIS/Device/ST/STM32F0xx/Include -I../Drivers/CMSIS/Include -O0 -ffunction-sections -fdata-sections -Wall -fstack-usage -fcyclomatic-complexity -MMD -MP -MF"Core/Src/sct.d" -MT"Core/Src/sct.o" --specs=nano.specs -mfloat-abi=soft -mthumb -o "Core/Src/sct.o"
../Core/Src/sct.c:72:17: warning: excess elements in array initializer
   72 |                 {
      |                 ^
../Core/Src/sct.c:72:17: note: (near initialization for 'reg_values')
../Core/Src/sct.c: In function 'sct_value':
../Core/Src/sct.c:97:30: error: 'led' undeclared (first use in this function)
   97 |         reg |= reg_values[3][led];
      |                              ^~~
../Core/Src/sct.c:97:30: note: each undeclared identifier is reported only once for each function it appears in
make: *** [Core/Src/subdir.mk:37: Core/Src/sct.o] Error 1
"make -j4 all" terminated with exit code 2. Build might be incomplete.
11:13:43 **** Incremental Build of configuration Debug for project cv4 ****
make -j4 all 
arm-none-eabi-gcc "../Core/Src/sct.c" -mcpu=cortex-m0 -std=gnu11 -g3 -DDEBUG -DUSE_HAL_DRIVER -DSTM32F030x8 -c -I../Core/Inc -I../Drivers/STM32F0xx_HAL_Driver/Inc -I../Drivers/STM32F0xx_HAL_Driver/Inc/Legacy -I../Drivers/CMSIS/Device/ST/STM32F0xx/Include -I../Drivers/CMSIS/Include -O0 -ffunction-sections -fdata-sections -Wall -fstack-usage -fcyclomatic-complexity -MMD -MP -MF"Core/Src/sct.d" -MT"Core/Src/sct.o" --specs=nano.specs -mfloat-abi=soft -mthumb -o "Core/Src/sct.o"
../Core/Src/sct.c:72:17: warning: excess elements in array initializer
   72 |                 {
      |                 ^
../Core/Src/sct.c:72:17: note: (near initialization for 'reg_values')
arm-none-eabi-gcc -o "cv4.elf" @"objects.list"   -mcpu=cortex-m0 -T"C:\Temp\xpecon00\MPC-MKS\cv4\cv4\STM32F030R8TX_FLASH.ld" --specs=nosys.specs -Wl,-Map="cv4.map" -Wl,--gc-sections -static --specs=nano.specs -mfloat-abi=soft -mthumb -Wl,--start-group -lc -lm -Wl,--end-group
Finished building target: cv4.elf
 
arm-none-eabi-size   cv4.elf 
arm-none-eabi-objdump -h -S  cv4.elf  > "cv4.list"
   text	   data	    bss	    dec	    hex	filename
  16220	     20	   1772	  18012	   465c	cv4.elf
Finished building: default.size.stdout
 
Finished building: cv4.list
 
11:15:02 **** Incremental Build of configuration Debug for project cv4 ****
make -j4 all 
arm-none-eabi-gcc "../Core/Src/main.c" -mcpu=cortex-m0 -std=gnu11 -g3 -DDEBUG -DUSE_HAL_DRIVER -DSTM32F030x8 -c -I../Core/Inc -I../Drivers/STM32F0xx_HAL_Driver/Inc -I../Drivers/STM32F0xx_HAL_Driver/Inc/Legacy -I../Drivers/CMSIS/Device/ST/STM32F0xx/Include -I../Drivers/CMSIS/Include -O0 -ffunction-sections -fdata-sections -Wall -fstack-usage -fcyclomatic-complexity -MMD -MP -MF"Core/Src/main.d" -MT"Core/Src/main.o" --specs=nano.specs -mfloat-abi=soft -mthumb -o "Core/Src/main.o"
arm-none-eabi-gcc "../Core/Src/sct.c" -mcpu=cortex-m0 -std=gnu11 -g3 -DDEBUG -DUSE_HAL_DRIVER -DSTM32F030x8 -c -I../Core/Inc -I../Drivers/STM32F0xx_HAL_Driver/Inc -I../Drivers/STM32F0xx_HAL_Driver/Inc/Legacy -I../Drivers/CMSIS/Device/ST/STM32F0xx/Include -I../Drivers/CMSIS/Include -O0 -ffunction-sections -fdata-sections -Wall -fstack-usage -fcyclomatic-complexity -MMD -MP -MF"Core/Src/sct.d" -MT"Core/Src/sct.o" --specs=nano.specs -mfloat-abi=soft -mthumb -o "Core/Src/sct.o"
../Core/Src/sct.c:72:17: warning: excess elements in array initializer
   72 |                 {
      |                 ^
../Core/Src/sct.c:72:17: note: (near initialization for 'reg_values')
../Core/Src/sct.c:90:40: error: conflicting types for 'value'; have 'uint8_t' {aka 'unsigned char'}
   90 | void sct_value(uint16_t value, uint8_t value)
      |                                ~~~~~~~~^~~~~
../Core/Src/sct.c:90:25: note: previous definition of 'value' with type 'uint16_t' {aka 'short unsigned int'}
   90 | void sct_value(uint16_t value, uint8_t value)
      |                ~~~~~~~~~^~~~~
../Core/Src/sct.c: In function 'sct_value':
../Core/Src/sct.c:97:30: error: 'led' undeclared (first use in this function)
   97 |         reg |= reg_values[3][led];
      |                              ^~~
../Core/Src/sct.c:97:30: note: each undeclared identifier is reported only once for each function it appears in
make: *** [Core/Src/subdir.mk:37: Core/Src/sct.o] Error 1
make: *** Waiting for unfinished jobs....
"make -j4 all" terminated with exit code 2. Build might be incomplete.
11:15:08 **** Incremental Build of configuration Debug for project cv4 ****
make -j4 all 
arm-none-eabi-gcc "../Core/Src/sct.c" -mcpu=cortex-m0 -std=gnu11 -g3 -DDEBUG -DUSE_HAL_DRIVER -DSTM32F030x8 -c -I../Core/Inc -I../Drivers/STM32F0xx_HAL_Driver/Inc -I../Drivers/STM32F0xx_HAL_Driver/Inc/Legacy -I../Drivers/CMSIS/Device/ST/STM32F0xx/Include -I../Drivers/CMSIS/Include -O0 -ffunction-sections -fdata-sections -Wall -fstack-usage -fcyclomatic-complexity -MMD -MP -MF"Core/Src/sct.d" -MT"Core/Src/sct.o" --specs=nano.specs -mfloat-abi=soft -mthumb -o "Core/Src/sct.o"
../Core/Src/sct.c:72:17: warning: excess elements in array initializer
   72 |                 {
      |                 ^
../Core/Src/sct.c:72:17: note: (near initialization for 'reg_values')
../Core/Src/sct.c:90:40: error: conflicting types for 'value'; have 'uint8_t' {aka 'unsigned char'}
   90 | void sct_value(uint16_t value, uint8_t value)
      |                                ~~~~~~~~^~~~~
../Core/Src/sct.c:90:25: note: previous definition of 'value' with type 'uint16_t' {aka 'short unsigned int'}
   90 | void sct_value(uint16_t value, uint8_t value)
      |                ~~~~~~~~~^~~~~
../Core/Src/sct.c: In function 'sct_value':
../Core/Src/sct.c:97:30: error: 'led' undeclared (first use in this function)
   97 |         reg |= reg_values[3][led];
      |                              ^~~
../Core/Src/sct.c:97:30: note: each undeclared identifier is reported only once for each function it appears in
make: *** [Core/Src/subdir.mk:37: Core/Src/sct.o] Error 1
"make -j4 all" terminated with exit code 2. Build might be incomplete.
11:15:26 **** Incremental Build of configuration Debug for project cv4 ****
make -j4 all 
arm-none-eabi-gcc "../Core/Src/sct.c" -mcpu=cortex-m0 -std=gnu11 -g3 -DDEBUG -DUSE_HAL_DRIVER -DSTM32F030x8 -c -I../Core/Inc -I../Drivers/STM32F0xx_HAL_Driver/Inc -I../Drivers/STM32F0xx_HAL_Driver/Inc/Legacy -I../Drivers/CMSIS/Device/ST/STM32F0xx/Include -I../Drivers/CMSIS/Include -O0 -ffunction-sections -fdata-sections -Wall -fstack-usage -fcyclomatic-complexity -MMD -MP -MF"Core/Src/sct.d" -MT"Core/Src/sct.o" --specs=nano.specs -mfloat-abi=soft -mthumb -o "Core/Src/sct.o"
../Core/Src/sct.c:72:17: warning: excess elements in array initializer
   72 |                 {
      |                 ^
../Core/Src/sct.c:72:17: note: (near initialization for 'reg_values')
arm-none-eabi-gcc -o "cv4.elf" @"objects.list"   -mcpu=cortex-m0 -T"C:\Temp\xpecon00\MPC-MKS\cv4\cv4\STM32F030R8TX_FLASH.ld" --specs=nosys.specs -Wl,-Map="cv4.map" -Wl,--gc-sections -static --specs=nano.specs -mfloat-abi=soft -mthumb -Wl,--start-group -lc -lm -Wl,--end-group
Finished building target: cv4.elf
 
arm-none-eabi-size   cv4.elf 
arm-none-eabi-objdump -h -S  cv4.elf  > "cv4.list"
   text	   data	    bss	    dec	    hex	filename
  16252	     20	   1772	  18044	   467c	cv4.elf
Finished building: default.size.stdout
 
Finished building: cv4.list
 
11:17:12 **** Incremental Build of configuration Debug for project cv4 ****
make -j4 all 
arm-none-eabi-gcc "../Core/Src/sct.c" -mcpu=cortex-m0 -std=gnu11 -g3 -DDEBUG -DUSE_HAL_DRIVER -DSTM32F030x8 -c -I../Core/Inc -I../Drivers/STM32F0xx_HAL_Driver/Inc -I../Drivers/STM32F0xx_HAL_Driver/Inc/Legacy -I../Drivers/CMSIS/Device/ST/STM32F0xx/Include -I../Drivers/CMSIS/Include -O0 -ffunction-sections -fdata-sections -Wall -fstack-usage -fcyclomatic-complexity -MMD -MP -MF"Core/Src/sct.d" -MT"Core/Src/sct.o" --specs=nano.specs -mfloat-abi=soft -mthumb -o "Core/Src/sct.o"
../Core/Src/sct.c:72:17: warning: excess elements in array initializer
   72 |                 {
      |                 ^
../Core/Src/sct.c:72:17: note: (near initialization for 'reg_values')
arm-none-eabi-gcc -o "cv4.elf" @"objects.list"   -mcpu=cortex-m0 -T"C:\Temp\xpecon00\MPC-MKS\cv4\cv4\STM32F030R8TX_FLASH.ld" --specs=nosys.specs -Wl,-Map="cv4.map" -Wl,--gc-sections -static --specs=nano.specs -mfloat-abi=soft -mthumb -Wl,--start-group -lc -lm -Wl,--end-group
Finished building target: cv4.elf
 
arm-none-eabi-size   cv4.elf 
arm-none-eabi-objdump -h -S  cv4.elf  > "cv4.list"
   text	   data	    bss	    dec	    hex	filename
  16252	     20	   1772	  18044	   467c	cv4.elf
Finished building: default.size.stdout
 
Finished building: cv4.list
 
11:18:20 **** Incremental Build of configuration Debug for project cv4 ****
make -j4 all 
arm-none-eabi-gcc "../Core/Src/main.c" -mcpu=cortex-m0 -std=gnu11 -g3 -DDEBUG -DUSE_HAL_DRIVER -DSTM32F030x8 -c -I../Core/Inc -I../Drivers/STM32F0xx_HAL_Driver/Inc -I../Drivers/STM32F0xx_HAL_Driver/Inc/Legacy -I../Drivers/CMSIS/Device/ST/STM32F0xx/Include -I../Drivers/CMSIS/Include -O0 -ffunction-sections -fdata-sections -Wall -fstack-usage -fcyclomatic-complexity -MMD -MP -MF"Core/Src/main.d" -MT"Core/Src/main.o" --specs=nano.specs -mfloat-abi=soft -mthumb -o "Core/Src/main.o"
arm-none-eabi-gcc -o "cv4.elf" @"objects.list"   -mcpu=cortex-m0 -T"C:\Temp\xpecon00\MPC-MKS\cv4\cv4\STM32F030R8TX_FLASH.ld" --specs=nosys.specs -Wl,-Map="cv4.map" -Wl,--gc-sections -static --specs=nano.specs -mfloat-abi=soft -mthumb -Wl,--start-group -lc -lm -Wl,--end-group
Finished building target: cv4.elf
 
arm-none-eabi-size   cv4.elf 
arm-none-eabi-objdump -h -S  cv4.elf  > "cv4.list"
   text	   data	    bss	    dec	    hex	filename
  10420	     20	   1772	  12212	   2fb4	cv4.elf
Finished building: default.size.stdout
 
Finished building: cv4.list
 
11:20:19 **** Incremental Build of configuration Debug for project cv4 ****
make -j4 all 
arm-none-eabi-gcc "../Core/Src/main.c" -mcpu=cortex-m0 -std=gnu11 -g3 -DDEBUG -DUSE_HAL_DRIVER -DSTM32F030x8 -c -I../Core/Inc -I../Drivers/STM32F0xx_HAL_Driver/Inc -I../Drivers/STM32F0xx_HAL_Driver/Inc/Legacy -I../Drivers/CMSIS/Device/ST/STM32F0xx/Include -I../Drivers/CMSIS/Include -O0 -ffunction-sections -fdata-sections -Wall -fstack-usage -fcyclomatic-complexity -MMD -MP -MF"Core/Src/main.d" -MT"Core/Src/main.o" --specs=nano.specs -mfloat-abi=soft -mthumb -o "Core/Src/main.o"
arm-none-eabi-gcc "../Core/Src/sct.c" -mcpu=cortex-m0 -std=gnu11 -g3 -DDEBUG -DUSE_HAL_DRIVER -DSTM32F030x8 -c -I../Core/Inc -I../Drivers/STM32F0xx_HAL_Driver/Inc -I../Drivers/STM32F0xx_HAL_Driver/Inc/Legacy -I../Drivers/CMSIS/Device/ST/STM32F0xx/Include -I../Drivers/CMSIS/Include -O0 -ffunction-sections -fdata-sections -Wall -fstack-usage -fcyclomatic-complexity -MMD -MP -MF"Core/Src/sct.d" -MT"Core/Src/sct.o" --specs=nano.specs -mfloat-abi=soft -mthumb -o "Core/Src/sct.o"
arm-none-eabi-gcc -o "cv4.elf" @"objects.list"   -mcpu=cortex-m0 -T"C:\Temp\xpecon00\MPC-MKS\cv4\cv4\STM32F030R8TX_FLASH.ld" --specs=nosys.specs -Wl,-Map="cv4.map" -Wl,--gc-sections -static --specs=nano.specs -mfloat-abi=soft -mthumb -Wl,--start-group -lc -lm -Wl,--end-group
Finished building target: cv4.elf
 
arm-none-eabi-size   cv4.elf 
arm-none-eabi-objdump -h -S  cv4.elf  > "cv4.list"
   text	   data	    bss	    dec	    hex	filename
  10456	     20	   1772	  12248	   2fd8	cv4.elf
Finished building: default.size.stdout
 
Finished building: cv4.list
 
11:23:08 **** Incremental Build of configuration Debug for project cv4 ****
make -j4 all 
arm-none-eabi-gcc "../Core/Src/main.c" -mcpu=cortex-m0 -std=gnu11 -g3 -DDEBUG -DUSE_HAL_DRIVER -DSTM32F030x8 -c -I../Core/Inc -I../Drivers/STM32F0xx_HAL_Driver/Inc -I../Drivers/STM32F0xx_HAL_Driver/Inc/Legacy -I../Drivers/CMSIS/Device/ST/STM32F0xx/Include -I../Drivers/CMSIS/Include -O0 -ffunction-sections -fdata-sections -Wall -fstack-usage -fcyclomatic-complexity -MMD -MP -MF"Core/Src/main.d" -MT"Core/Src/main.o" --specs=nano.specs -mfloat-abi=soft -mthumb -o "Core/Src/main.o"
../Core/Src/main.c: In function 'HAL_ADC_ConvCpltCallback':
../Core/Src/main.c:67:30: error: 'ADC_Q' undeclared (first use in this function)
   67 |         raw_pot = avg_pot >> ADC_Q;
      |                              ^~~~~
../Core/Src/main.c:67:30: note: each undeclared identifier is reported only once for each function it appears in
make: *** [Core/Src/subdir.mk:37: Core/Src/main.o] Error 1
"make -j4 all" terminated with exit code 2. Build might be incomplete.
11:24:37 **** Incremental Build of configuration Debug for project cv4 ****
make -j4 all 
arm-none-eabi-gcc "../Core/Src/main.c" -mcpu=cortex-m0 -std=gnu11 -g3 -DDEBUG -DUSE_HAL_DRIVER -DSTM32F030x8 -c -I../Core/Inc -I../Drivers/STM32F0xx_HAL_Driver/Inc -I../Drivers/STM32F0xx_HAL_Driver/Inc/Legacy -I../Drivers/CMSIS/Device/ST/STM32F0xx/Include -I../Drivers/CMSIS/Include -O0 -ffunction-sections -fdata-sections -Wall -fstack-usage -fcyclomatic-complexity -MMD -MP -MF"Core/Src/main.d" -MT"Core/Src/main.o" --specs=nano.specs -mfloat-abi=soft -mthumb -o "Core/Src/main.o"
../Core/Src/main.c: In function 'HAL_ADC_ConvCpltCallback':
../Core/Src/main.c:67:27: warning: right shift count >= width of type [-Wshift-count-overflow]
   67 |         raw_pot = avg_pot >> 65546;
      |                           ^~
arm-none-eabi-gcc -o "cv4.elf" @"objects.list"   -mcpu=cortex-m0 -T"C:\Temp\xpecon00\MPC-MKS\cv4\cv4\STM32F030R8TX_FLASH.ld" --specs=nosys.specs -Wl,-Map="cv4.map" -Wl,--gc-sections -static --specs=nano.specs -mfloat-abi=soft -mthumb -Wl,--start-group -lc -lm -Wl,--end-group
Finished building target: cv4.elf
 
arm-none-eabi-size   cv4.elf 
arm-none-eabi-objdump -h -S  cv4.elf  > "cv4.list"
   text	   data	    bss	    dec	    hex	filename
  10496	     20	   1772	  12288	   3000	cv4.elf
Finished building: default.size.stdout
 
Finished building: cv4.list
 
11:25:45 **** Incremental Build of configuration Debug for project cv4 ****
make -j4 all 
arm-none-eabi-gcc "../Core/Src/main.c" -mcpu=cortex-m0 -std=gnu11 -g3 -DDEBUG -DUSE_HAL_DRIVER -DSTM32F030x8 -c -I../Core/Inc -I../Drivers/STM32F0xx_HAL_Driver/Inc -I../Drivers/STM32F0xx_HAL_Driver/Inc/Legacy -I../Drivers/CMSIS/Device/ST/STM32F0xx/Include -I../Drivers/CMSIS/Include -O0 -ffunction-sections -fdata-sections -Wall -fstack-usage -fcyclomatic-complexity -MMD -MP -MF"Core/Src/main.d" -MT"Core/Src/main.o" --specs=nano.specs -mfloat-abi=soft -mthumb -o "Core/Src/main.o"
arm-none-eabi-gcc -o "cv4.elf" @"objects.list"   -mcpu=cortex-m0 -T"C:\Temp\xpecon00\MPC-MKS\cv4\cv4\STM32F030R8TX_FLASH.ld" --specs=nosys.specs -Wl,-Map="cv4.map" -Wl,--gc-sections -static --specs=nano.specs -mfloat-abi=soft -mthumb -Wl,--start-group -lc -lm -Wl,--end-group
Finished building target: cv4.elf
 
arm-none-eabi-size   cv4.elf 
arm-none-eabi-objdump -h -S  cv4.elf  > "cv4.list"
   text	   data	    bss	    dec	    hex	filename
  10504	     20	   1772	  12296	   3008	cv4.elf
Finished building: default.size.stdout
 
Finished building: cv4.list
 
11:26:54 **** Incremental Build of configuration Debug for project cv4 ****
make -j4 all 
arm-none-eabi-gcc "../Core/Src/main.c" -mcpu=cortex-m0 -std=gnu11 -g3 -DDEBUG -DUSE_HAL_DRIVER -DSTM32F030x8 -c -I../Core/Inc -I../Drivers/STM32F0xx_HAL_Driver/Inc -I../Drivers/STM32F0xx_HAL_Driver/Inc/Legacy -I../Drivers/CMSIS/Device/ST/STM32F0xx/Include -I../Drivers/CMSIS/Include -O0 -ffunction-sections -fdata-sections -Wall -fstack-usage -fcyclomatic-complexity -MMD -MP -MF"Core/Src/main.d" -MT"Core/Src/main.o" --specs=nano.specs -mfloat-abi=soft -mthumb -o "Core/Src/main.o"
arm-none-eabi-gcc -o "cv4.elf" @"objects.list"   -mcpu=cortex-m0 -T"C:\Temp\xpecon00\MPC-MKS\cv4\cv4\STM32F030R8TX_FLASH.ld" --specs=nosys.specs -Wl,-Map="cv4.map" -Wl,--gc-sections -static --specs=nano.specs -mfloat-abi=soft -mthumb -Wl,--start-group -lc -lm -Wl,--end-group
Finished building target: cv4.elf
 
arm-none-eabi-size   cv4.elf 
arm-none-eabi-objdump -h -S  cv4.elf  > "cv4.list"
   text	   data	    bss	    dec	    hex	filename
  10488	     20	   1772	  12280	   2ff8	cv4.elf
Finished building: default.size.stdout
 
Finished building: cv4.list
 
12:00:56 **** Incremental Build of configuration Debug for project cv4 ****
make -j4 all 
arm-none-eabi-gcc "../Core/Src/main.c" -mcpu=cortex-m0 -std=gnu11 -g3 -DDEBUG -DUSE_HAL_DRIVER -DSTM32F030x8 -c -I../Core/Inc -I../Drivers/STM32F0xx_HAL_Driver/Inc -I../Drivers/STM32F0xx_HAL_Driver/Inc/Legacy -I../Drivers/CMSIS/Device/ST/STM32F0xx/Include -I../Drivers/CMSIS/Include -O0 -ffunction-sections -fdata-sections -Wall -fstack-usage -fcyclomatic-complexity -MMD -MP -MF"Core/Src/main.d" -MT"Core/Src/main.o" --specs=nano.specs -mfloat-abi=soft -mthumb -o "Core/Src/main.o"
arm-none-eabi-gcc "../Core/Src/sct.c" -mcpu=cortex-m0 -std=gnu11 -g3 -DDEBUG -DUSE_HAL_DRIVER -DSTM32F030x8 -c -I../Core/Inc -I../Drivers/STM32F0xx_HAL_Driver/Inc -I../Drivers/STM32F0xx_HAL_Driver/Inc/Legacy -I../Drivers/CMSIS/Device/ST/STM32F0xx/Include -I../Drivers/CMSIS/Include -O0 -ffunction-sections -fdata-sections -Wall -fstack-usage -fcyclomatic-complexity -MMD -MP -MF"Core/Src/sct.d" -MT"Core/Src/sct.o" --specs=nano.specs -mfloat-abi=soft -mthumb -o "Core/Src/sct.o"
arm-none-eabi-gcc "../Core/Src/stm32f0xx_hal_msp.c" -mcpu=cortex-m0 -std=gnu11 -g3 -DDEBUG -DUSE_HAL_DRIVER -DSTM32F030x8 -c -I../Core/Inc -I../Drivers/STM32F0xx_HAL_Driver/Inc -I../Drivers/STM32F0xx_HAL_Driver/Inc/Legacy -I../Drivers/CMSIS/Device/ST/STM32F0xx/Include -I../Drivers/CMSIS/Include -O0 -ffunction-sections -fdata-sections -Wall -fstack-usage -fcyclomatic-complexity -MMD -MP -MF"Core/Src/stm32f0xx_hal_msp.d" -MT"Core/Src/stm32f0xx_hal_msp.o" --specs=nano.specs -mfloat-abi=soft -mthumb -o "Core/Src/stm32f0xx_hal_msp.o"
arm-none-eabi-gcc "../Core/Src/stm32f0xx_it.c" -mcpu=cortex-m0 -std=gnu11 -g3 -DDEBUG -DUSE_HAL_DRIVER -DSTM32F030x8 -c -I../Core/Inc -I../Drivers/STM32F0xx_HAL_Driver/Inc -I../Drivers/STM32F0xx_HAL_Driver/Inc/Legacy -I../Drivers/CMSIS/Device/ST/STM32F0xx/Include -I../Drivers/CMSIS/Include -O0 -ffunction-sections -fdata-sections -Wall -fstack-usage -fcyclomatic-complexity -MMD -MP -MF"Core/Src/stm32f0xx_it.d" -MT"Core/Src/stm32f0xx_it.o" --specs=nano.specs -mfloat-abi=soft -mthumb -o "Core/Src/stm32f0xx_it.o"
../Core/Src/main.c: In function 'HAL_ADC_ConvCpltCallback':
../Core/Src/main.c:71:30: error: 'apply_Q' undeclared (first use in this function)
   71 |         raw_pot = avg_pot >> apply_Q;
      |                              ^~~~~~~
../Core/Src/main.c:71:30: note: each undeclared identifier is reported only once for each function it appears in
../Core/Src/main.c:69:24: warning: unused variable 'channel' [-Wunused-variable]
   69 |         static uint8_t channel;
      |                        ^~~~~~~
../Core/Src/main.c: In function 'main':
../Core/Src/main.c:127:17: warning: implicit declaration of function 'sct_value' [-Wimplicit-function-declaration]
  127 |                 sct_value((raw_pot*(500+1))/4096, (raw_pot*9)/4096);
      |                 ^~~~~~~~~
../Core/Src/main.c:130:26: warning: unused variable 'voltage' [-Wunused-variable]
  130 |                 uint32_t voltage = 330 * (*VREFINT_CAL_ADDR) / raw_volt;
      |                          ^~~~~~~
At top level:
../Core/Src/main.c:69:24: warning: 'channel' defined but not used [-Wunused-variable]
   69 |         static uint8_t channel;
      |                        ^~~~~~~
make: *** [Core/Src/subdir.mk:37: Core/Src/main.o] Error 1
make: *** Waiting for unfinished jobs....
"make -j4 all" terminated with exit code 2. Build might be incomplete.
12:01:53 **** Incremental Build of configuration Debug for project cv4 ****
make -j4 all 
arm-none-eabi-gcc "../Core/Src/main.c" -mcpu=cortex-m0 -std=gnu11 -g3 -DDEBUG -DUSE_HAL_DRIVER -DSTM32F030x8 -c -I../Core/Inc -I../Drivers/STM32F0xx_HAL_Driver/Inc -I../Drivers/STM32F0xx_HAL_Driver/Inc/Legacy -I../Drivers/CMSIS/Device/ST/STM32F0xx/Include -I../Drivers/CMSIS/Include -O0 -ffunction-sections -fdata-sections -Wall -fstack-usage -fcyclomatic-complexity -MMD -MP -MF"Core/Src/main.d" -MT"Core/Src/main.o" --specs=nano.specs -mfloat-abi=soft -mthumb -o "Core/Src/main.o"
../Core/Src/main.c: In function 'HAL_ADC_ConvCpltCallback':
../Core/Src/main.c:69:24: warning: unused variable 'channel' [-Wunused-variable]
   69 |         static uint8_t channel;
      |                        ^~~~~~~
../Core/Src/main.c: In function 'main':
../Core/Src/main.c:127:17: warning: implicit declaration of function 'sct_value' [-Wimplicit-function-declaration]
  127 |                 sct_value((raw_pot*(500+1))/4096, (raw_pot*9)/4096);
      |                 ^~~~~~~~~
../Core/Src/main.c:130:26: warning: unused variable 'voltage' [-Wunused-variable]
  130 |                 uint32_t voltage = 330 * (*VREFINT_CAL_ADDR) / raw_volt;
      |                          ^~~~~~~
At top level:
../Core/Src/main.c:69:24: warning: 'channel' defined but not used [-Wunused-variable]
   69 |         static uint8_t channel;
      |                        ^~~~~~~
arm-none-eabi-gcc -o "cv4.elf" @"objects.list"   -mcpu=cortex-m0 -T"C:\Temp\xpecon00\MPC-MKS\cv4\cv4\STM32F030R8TX_FLASH.ld" --specs=nosys.specs -Wl,-Map="cv4.map" -Wl,--gc-sections -static --specs=nano.specs -mfloat-abi=soft -mthumb -Wl,--start-group -lc -lm -Wl,--end-group
Finished building target: cv4.elf
 
arm-none-eabi-size   cv4.elf 
arm-none-eabi-objdump -h -S  cv4.elf  > "cv4.list"
   text	   data	    bss	    dec	    hex	filename
  11164	     20	   1780	  12964	   32a4	cv4.elf
Finished building: default.size.stdout
 
Finished building: cv4.list
 
12:02:24 **** Incremental Build of configuration Debug for project cv4 ****
make -j4 all 
arm-none-eabi-gcc "../Core/Src/main.c" -mcpu=cortex-m0 -std=gnu11 -g3 -DDEBUG -DUSE_HAL_DRIVER -DSTM32F030x8 -c -I../Core/Inc -I../Drivers/STM32F0xx_HAL_Driver/Inc -I../Drivers/STM32F0xx_HAL_Driver/Inc/Legacy -I../Drivers/CMSIS/Device/ST/STM32F0xx/Include -I../Drivers/CMSIS/Include -O0 -ffunction-sections -fdata-sections -Wall -fstack-usage -fcyclomatic-complexity -MMD -MP -MF"Core/Src/main.d" -MT"Core/Src/main.o" --specs=nano.specs -mfloat-abi=soft -mthumb -o "Core/Src/main.o"
../Core/Src/main.c: In function 'HAL_ADC_ConvCpltCallback':
../Core/Src/main.c:69:24: warning: unused variable 'channel' [-Wunused-variable]
   69 |         static uint8_t channel;
      |                        ^~~~~~~
../Core/Src/main.c: In function 'main':
../Core/Src/main.c:127:17: warning: implicit declaration of function 'sct_value' [-Wimplicit-function-declaration]
  127 |                 sct_value((raw_pot*(500+1))/4096, (raw_pot*9)/4096);
      |                 ^~~~~~~~~
../Core/Src/main.c:130:26: warning: unused variable 'voltage' [-Wunused-variable]
  130 |                 uint32_t voltage = 330 * (*VREFINT_CAL_ADDR) / raw_volt;
      |                          ^~~~~~~
At top level:
../Core/Src/main.c:69:24: warning: 'channel' defined but not used [-Wunused-variable]
   69 |         static uint8_t channel;
      |                        ^~~~~~~
arm-none-eabi-gcc -o "cv4.elf" @"objects.list"   -mcpu=cortex-m0 -T"C:\Temp\xpecon00\MPC-MKS\cv4\cv4\STM32F030R8TX_FLASH.ld" --specs=nosys.specs -Wl,-Map="cv4.map" -Wl,--gc-sections -static --specs=nano.specs -mfloat-abi=soft -mthumb -Wl,--start-group -lc -lm -Wl,--end-group
Finished building target: cv4.elf
 
arm-none-eabi-size   cv4.elf 
arm-none-eabi-objdump -h -S  cv4.elf  > "cv4.list"
   text	   data	    bss	    dec	    hex	filename
  11180	     20	   1780	  12980	   32b4	cv4.elf
Finished building: default.size.stdout
 
Finished building: cv4.list
 
12:02:57 **** Incremental Build of configuration Debug for project cv4 ****
make -j4 all 
arm-none-eabi-gcc "../Core/Src/main.c" -mcpu=cortex-m0 -std=gnu11 -g3 -DDEBUG -DUSE_HAL_DRIVER -DSTM32F030x8 -c -I../Core/Inc -I../Drivers/STM32F0xx_HAL_Driver/Inc -I../Drivers/STM32F0xx_HAL_Driver/Inc/Legacy -I../Drivers/CMSIS/Device/ST/STM32F0xx/Include -I../Drivers/CMSIS/Include -O0 -ffunction-sections -fdata-sections -Wall -fstack-usage -fcyclomatic-complexity -MMD -MP -MF"Core/Src/main.d" -MT"Core/Src/main.o" --specs=nano.specs -mfloat-abi=soft -mthumb -o "Core/Src/main.o"
../Core/Src/main.c: In function 'HAL_ADC_ConvCpltCallback':
../Core/Src/main.c:69:24: warning: unused variable 'channel' [-Wunused-variable]
   69 |         static uint8_t channel;
      |                        ^~~~~~~
../Core/Src/main.c: In function 'main':
../Core/Src/main.c:127:17: warning: implicit declaration of function 'sct_value' [-Wimplicit-function-declaration]
  127 |                 sct_value((raw_pot*(500+1))/4096, (raw_pot*9)/4096);
      |                 ^~~~~~~~~
../Core/Src/main.c:130:26: warning: unused variable 'voltage' [-Wunused-variable]
  130 |                 uint32_t voltage = 330 * (*VREFINT_CAL_ADDR) / raw_volt;
      |                          ^~~~~~~
At top level:
../Core/Src/main.c:69:24: warning: 'channel' defined but not used [-Wunused-variable]
   69 |         static uint8_t channel;
      |                        ^~~~~~~
arm-none-eabi-gcc -o "cv4.elf" @"objects.list"   -mcpu=cortex-m0 -T"C:\Temp\xpecon00\MPC-MKS\cv4\cv4\STM32F030R8TX_FLASH.ld" --specs=nosys.specs -Wl,-Map="cv4.map" -Wl,--gc-sections -static --specs=nano.specs -mfloat-abi=soft -mthumb -Wl,--start-group -lc -lm -Wl,--end-group
Finished building target: cv4.elf
 
arm-none-eabi-size   cv4.elf 
arm-none-eabi-objdump -h -S  cv4.elf  > "cv4.list"
   text	   data	    bss	    dec	    hex	filename
  11164	     20	   1780	  12964	   32a4	cv4.elf
Finished building: default.size.stdout
 
Finished building: cv4.list
 
12:13:38 **** Incremental Build of configuration Debug for project cv4 ****
make -j4 all 
arm-none-eabi-gcc "../Core/Src/main.c" -mcpu=cortex-m0 -std=gnu11 -g3 -DDEBUG -DUSE_HAL_DRIVER -DSTM32F030x8 -c -I../Core/Inc -I../Drivers/STM32F0xx_HAL_Driver/Inc -I../Drivers/STM32F0xx_HAL_Driver/Inc/Legacy -I../Drivers/CMSIS/Device/ST/STM32F0xx/Include -I../Drivers/CMSIS/Include -O0 -ffunction-sections -fdata-sections -Wall -fstack-usage -fcyclomatic-complexity -MMD -MP -MF"Core/Src/main.d" -MT"Core/Src/main.o" --specs=nano.specs -mfloat-abi=soft -mthumb -o "Core/Src/main.o"
../Core/Src/main.c: In function 'main':
../Core/Src/main.c:136:17: warning: implicit declaration of function 'sct_value' [-Wimplicit-function-declaration]
  136 |                 sct_value((raw_pot*(500+1))/4096, (raw_pot*9)/4096);
      |                 ^~~~~~~~~
../Core/Src/main.c:147:25: warning: implicit declaration of function 'getchar' [-Wimplicit-function-declaration]
  147 |                 switch (getchar(state)){
      |                         ^~~~~~~
../Core/Src/main.c:21:1: note: 'getchar' is defined in header '<stdio.h>'; did you forget to '#include <stdio.h>'?
   20 | #include "main.h"
  +++ |+#include <stdio.h>
   21 | 
../Core/Src/main.c:148:17: error: case label does not reduce to an integer constant
  148 |                 case "SHOW_POT":
      |                 ^~~~
../Core/Src/main.c:150:17: error: case label does not reduce to an integer constant
  150 |                 case "SHOW_VOLT":
      |                 ^~~~
../Core/Src/main.c:152:17: error: case label does not reduce to an integer constant
  152 |                 case "SHOW_TEMP":
      |                 ^~~~
../Core/Src/main.c:139:26: warning: unused variable 'voltage' [-Wunused-variable]
  139 |                 uint32_t voltage = 330 * (*VREFINT_CAL_ADDR) / raw_volt;
      |                          ^~~~~~~
make: *** [Core/Src/subdir.mk:37: Core/Src/main.o] Error 1
"make -j4 all" terminated with exit code 2. Build might be incomplete.
12:14:16 **** Incremental Build of configuration Debug for project cv4 ****
make -j4 all 
arm-none-eabi-gcc "../Core/Src/main.c" -mcpu=cortex-m0 -std=gnu11 -g3 -DDEBUG -DUSE_HAL_DRIVER -DSTM32F030x8 -c -I../Core/Inc -I../Drivers/STM32F0xx_HAL_Driver/Inc -I../Drivers/STM32F0xx_HAL_Driver/Inc/Legacy -I../Drivers/CMSIS/Device/ST/STM32F0xx/Include -I../Drivers/CMSIS/Include -O0 -ffunction-sections -fdata-sections -Wall -fstack-usage -fcyclomatic-complexity -MMD -MP -MF"Core/Src/main.d" -MT"Core/Src/main.o" --specs=nano.specs -mfloat-abi=soft -mthumb -o "Core/Src/main.o"
../Core/Src/main.c: In function 'main':
../Core/Src/main.c:136:17: warning: implicit declaration of function 'sct_value' [-Wimplicit-function-declaration]
  136 |                 sct_value((raw_pot*(500+1))/4096, (raw_pot*9)/4096);
      |                 ^~~~~~~~~
../Core/Src/main.c:147:25: warning: implicit declaration of function 'getchar' [-Wimplicit-function-declaration]
  147 |                 switch (getchar(state)){
      |                         ^~~~~~~
../Core/Src/main.c:21:1: note: 'getchar' is defined in header '<stdio.h>'; did you forget to '#include <stdio.h>'?
   20 | #include "main.h"
  +++ |+#include <stdio.h>
   21 | 
../Core/Src/main.c:148:22: warning: character constant too long for its type
  148 |                 case 'SHOW_POT':
      |                      ^~~~~~~~~~
../Core/Src/main.c:150:22: warning: character constant too long for its type
  150 |                 case 'SHOW_VOLT':
      |                      ^~~~~~~~~~~
../Core/Src/main.c:152:22: warning: character constant too long for its type
  152 |                 case 'SHOW_TEMP':
      |                      ^~~~~~~~~~~
../Core/Src/main.c:139:26: warning: unused variable 'voltage' [-Wunused-variable]
  139 |                 uint32_t voltage = 330 * (*VREFINT_CAL_ADDR) / raw_volt;
      |                          ^~~~~~~
arm-none-eabi-gcc -o "cv4.elf" @"objects.list"   -mcpu=cortex-m0 -T"C:\Temp\xpecon00\MPC-MKS\cv4\cv4\STM32F030R8TX_FLASH.ld" --specs=nosys.specs -Wl,-Map="cv4.map" -Wl,--gc-sections -static --specs=nano.specs -mfloat-abi=soft -mthumb -Wl,--start-group -lc -lm -Wl,--end-group
Finished building target: cv4.elf
 
arm-none-eabi-size   cv4.elf 
arm-none-eabi-objdump -h -S  cv4.elf  > "cv4.list"
   text	   data	    bss	    dec	    hex	filename
  13996	    112	   2128	  16236	   3f6c	cv4.elf
Finished building: default.size.stdout
 
Finished building: cv4.list
 
12:16:02 **** Incremental Build of configuration Debug for project cv4 ****
make -j4 all 
arm-none-eabi-gcc "../Core/Src/main.c" -mcpu=cortex-m0 -std=gnu11 -g3 -DDEBUG -DUSE_HAL_DRIVER -DSTM32F030x8 -c -I../Core/Inc -I../Drivers/STM32F0xx_HAL_Driver/Inc -I../Drivers/STM32F0xx_HAL_Driver/Inc/Legacy -I../Drivers/CMSIS/Device/ST/STM32F0xx/Include -I../Drivers/CMSIS/Include -O0 -ffunction-sections -fdata-sections -Wall -fstack-usage -fcyclomatic-complexity -MMD -MP -MF"Core/Src/main.d" -MT"Core/Src/main.o" --specs=nano.specs -mfloat-abi=soft -mthumb -o "Core/Src/main.o"
../Core/Src/main.c: In function 'main':
../Core/Src/main.c:136:17: warning: implicit declaration of function 'sct_value' [-Wimplicit-function-declaration]
  136 |                 sct_value((raw_pot*(500+1))/4096, (raw_pot*9)/4096);
      |                 ^~~~~~~~~
../Core/Src/main.c:147:25: warning: implicit declaration of function 'getchar' [-Wimplicit-function-declaration]
  147 |                 switch (getchar(state)){
      |                         ^~~~~~~
../Core/Src/main.c:21:1: note: 'getchar' is defined in header '<stdio.h>'; did you forget to '#include <stdio.h>'?
   20 | #include "main.h"
  +++ |+#include <stdio.h>
   21 | 
../Core/Src/main.c:148:22: warning: character constant too long for its type
  148 |                 case 'SHOW_POT':
      |                      ^~~~~~~~~~
../Core/Src/main.c:150:22: warning: character constant too long for its type
  150 |                 case 'SHOW_VOLT':
      |                      ^~~~~~~~~~~
../Core/Src/main.c:152:22: warning: character constant too long for its type
  152 |                 case 'SHOW_TEMP':
      |                      ^~~~~~~~~~~
arm-none-eabi-gcc -o "cv4.elf" @"objects.list"   -mcpu=cortex-m0 -T"C:\Temp\xpecon00\MPC-MKS\cv4\cv4\STM32F030R8TX_FLASH.ld" --specs=nosys.specs -Wl,-Map="cv4.map" -Wl,--gc-sections -static --specs=nano.specs -mfloat-abi=soft -mthumb -Wl,--start-group -lc -lm -Wl,--end-group
Finished building target: cv4.elf
 
arm-none-eabi-size   cv4.elf 
arm-none-eabi-objdump -h -S  cv4.elf  > "cv4.list"
   text	   data	    bss	    dec	    hex	filename
  13992	    112	   2128	  16232	   3f68	cv4.elf
Finished building: default.size.stdout
 
Finished building: cv4.list
 
12:18:19 **** Incremental Build of configuration Debug for project cv4 ****
make -j4 all 
arm-none-eabi-gcc "../Core/Src/main.c" -mcpu=cortex-m0 -std=gnu11 -g3 -DDEBUG -DUSE_HAL_DRIVER -DSTM32F030x8 -c -I../Core/Inc -I../Drivers/STM32F0xx_HAL_Driver/Inc -I../Drivers/STM32F0xx_HAL_Driver/Inc/Legacy -I../Drivers/CMSIS/Device/ST/STM32F0xx/Include -I../Drivers/CMSIS/Include -O0 -ffunction-sections -fdata-sections -Wall -fstack-usage -fcyclomatic-complexity -MMD -MP -MF"Core/Src/main.d" -MT"Core/Src/main.o" --specs=nano.specs -mfloat-abi=soft -mthumb -o "Core/Src/main.o"
../Core/Src/main.c: In function 'main':
../Core/Src/main.c:136:17: warning: implicit declaration of function 'sct_value' [-Wimplicit-function-declaration]
  136 |                 sct_value((raw_pot*(500+1))/4096, (raw_pot*9)/4096);
      |                 ^~~~~~~~~
../Core/Src/main.c:148:22: warning: character constant too long for its type
  148 |                 case 'SHOW_POT':
      |                      ^~~~~~~~~~
../Core/Src/main.c:150:22: warning: character constant too long for its type
  150 |                 case 'SHOW_VOLT':
      |                      ^~~~~~~~~~~
../Core/Src/main.c:152:22: warning: character constant too long for its type
  152 |                 case 'SHOW_TEMP':
      |                      ^~~~~~~~~~~
../Core/Src/main.c:152:17: warning: case label value exceeds maximum value for type [-Wswitch-outside-range]
  152 |                 case 'SHOW_TEMP':
      |                 ^~~~
../Core/Src/main.c:150:17: warning: case label value exceeds maximum value for type [-Wswitch-outside-range]
  150 |                 case 'SHOW_VOLT':
      |                 ^~~~
../Core/Src/main.c:148:17: warning: case label value exceeds maximum value for type [-Wswitch-outside-range]
  148 |                 case 'SHOW_POT':
      |                 ^~~~
../Core/Src/main.c:147:17: warning: enumeration value 'SHOW_POT' not handled in switch [-Wswitch]
  147 |                 switch (state){
      |                 ^~~~~~
../Core/Src/main.c:147:17: warning: enumeration value 'SHOW_VOLT' not handled in switch [-Wswitch]
../Core/Src/main.c:147:17: warning: enumeration value 'SHOW_TEMP' not handled in switch [-Wswitch]
arm-none-eabi-gcc -o "cv4.elf" @"objects.list"   -mcpu=cortex-m0 -T"C:\Temp\xpecon00\MPC-MKS\cv4\cv4\STM32F030R8TX_FLASH.ld" --specs=nosys.specs -Wl,-Map="cv4.map" -Wl,--gc-sections -static --specs=nano.specs -mfloat-abi=soft -mthumb -Wl,--start-group -lc -lm -Wl,--end-group
Finished building target: cv4.elf
 
arm-none-eabi-size   cv4.elf 
arm-none-eabi-objdump -h -S  cv4.elf  > "cv4.list"
   text	   data	    bss	    dec	    hex	filename
  11268	     20	   1788	  13076	   3314	cv4.elf
Finished building: default.size.stdout
 
Finished building: cv4.list
 
12:18:40 **** Incremental Build of configuration Debug for project cv4 ****
make -j4 all 
arm-none-eabi-gcc "../Core/Src/main.c" -mcpu=cortex-m0 -std=gnu11 -g3 -DDEBUG -DUSE_HAL_DRIVER -DSTM32F030x8 -c -I../Core/Inc -I../Drivers/STM32F0xx_HAL_Driver/Inc -I../Drivers/STM32F0xx_HAL_Driver/Inc/Legacy -I../Drivers/CMSIS/Device/ST/STM32F0xx/Include -I../Drivers/CMSIS/Include -O0 -ffunction-sections -fdata-sections -Wall -fstack-usage -fcyclomatic-complexity -MMD -MP -MF"Core/Src/main.d" -MT"Core/Src/main.o" --specs=nano.specs -mfloat-abi=soft -mthumb -o "Core/Src/main.o"
../Core/Src/main.c: In function 'main':
../Core/Src/main.c:136:17: warning: implicit declaration of function 'sct_value' [-Wimplicit-function-declaration]
  136 |                 sct_value((raw_pot*(500+1))/4096, (raw_pot*9)/4096);
      |                 ^~~~~~~~~
../Core/Src/main.c:147:25: warning: implicit declaration of function 'getstr' [-Wimplicit-function-declaration]
  147 |                 switch (getstr(state)){
      |                         ^~~~~~
../Core/Src/main.c:148:22: warning: character constant too long for its type
  148 |                 case 'SHOW_POT':
      |                      ^~~~~~~~~~
../Core/Src/main.c:150:22: warning: character constant too long for its type
  150 |                 case 'SHOW_VOLT':
      |                      ^~~~~~~~~~~
../Core/Src/main.c:152:22: warning: character constant too long for its type
  152 |                 case 'SHOW_TEMP':
      |                      ^~~~~~~~~~~
arm-none-eabi-gcc -o "cv4.elf" @"objects.list"   -mcpu=cortex-m0 -T"C:\Temp\xpecon00\MPC-MKS\cv4\cv4\STM32F030R8TX_FLASH.ld" --specs=nosys.specs -Wl,-Map="cv4.map" -Wl,--gc-sections -static --specs=nano.specs -mfloat-abi=soft -mthumb -Wl,--start-group -lc -lm -Wl,--end-group
C:/appz/ST/STM32CubeIDE_1.10.1/STM32CubeIDE/plugins/com.st.stm32cube.ide.mcu.externaltools.gnu-tools-for-stm32.11.3.rel1.win32_1.1.0.202305231506/tools/bin/../lib/gcc/arm-none-eabi/11.3.1/../../../../arm-none-eabi/bin/ld.exe: ./Core/Src/main.o: in function `main':
C:/Temp/xpecon00/MPC-MKS/cv4/cv4/Debug/../Core/Src/main.c:147: undefined reference to `getstr'
collect2.exe: error: ld returned 1 exit status
make: *** [makefile:64: cv4.elf] Error 1
"make -j4 all" terminated with exit code 2. Build might be incomplete.
12:18:54 **** Incremental Build of configuration Debug for project cv4 ****
make -j4 all 
arm-none-eabi-gcc "../Core/Src/main.c" -mcpu=cortex-m0 -std=gnu11 -g3 -DDEBUG -DUSE_HAL_DRIVER -DSTM32F030x8 -c -I../Core/Inc -I../Drivers/STM32F0xx_HAL_Driver/Inc -I../Drivers/STM32F0xx_HAL_Driver/Inc/Legacy -I../Drivers/CMSIS/Device/ST/STM32F0xx/Include -I../Drivers/CMSIS/Include -O0 -ffunction-sections -fdata-sections -Wall -fstack-usage -fcyclomatic-complexity -MMD -MP -MF"Core/Src/main.d" -MT"Core/Src/main.o" --specs=nano.specs -mfloat-abi=soft -mthumb -o "Core/Src/main.o"
../Core/Src/main.c: In function 'main':
../Core/Src/main.c:136:17: warning: implicit declaration of function 'sct_value' [-Wimplicit-function-declaration]
  136 |                 sct_value((raw_pot*(500+1))/4096, (raw_pot*9)/4096);
      |                 ^~~~~~~~~
../Core/Src/main.c:147:25: warning: implicit declaration of function 'getchar' [-Wimplicit-function-declaration]
  147 |                 switch (getchar(state)){
      |                         ^~~~~~~
../Core/Src/main.c:21:1: note: 'getchar' is defined in header '<stdio.h>'; did you forget to '#include <stdio.h>'?
   20 | #include "main.h"
  +++ |+#include <stdio.h>
   21 | 
../Core/Src/main.c:148:22: warning: character constant too long for its type
  148 |                 case 'SHOW_POT':
      |                      ^~~~~~~~~~
../Core/Src/main.c:150:22: warning: character constant too long for its type
  150 |                 case 'SHOW_VOLT':
      |                      ^~~~~~~~~~~
../Core/Src/main.c:152:22: warning: character constant too long for its type
  152 |                 case 'SHOW_TEMP':
      |                      ^~~~~~~~~~~
arm-none-eabi-gcc -o "cv4.elf" @"objects.list"   -mcpu=cortex-m0 -T"C:\Temp\xpecon00\MPC-MKS\cv4\cv4\STM32F030R8TX_FLASH.ld" --specs=nosys.specs -Wl,-Map="cv4.map" -Wl,--gc-sections -static --specs=nano.specs -mfloat-abi=soft -mthumb -Wl,--start-group -lc -lm -Wl,--end-group
Finished building target: cv4.elf
 
arm-none-eabi-size   cv4.elf 
arm-none-eabi-objdump -h -S  cv4.elf  > "cv4.list"
   text	   data	    bss	    dec	    hex	filename
  13992	    112	   2128	  16232	   3f68	cv4.elf
Finished building: default.size.stdout
 
Finished building: cv4.list
 
12:20:23 **** Incremental Build of configuration Debug for project cv4 ****
make -j4 all 
arm-none-eabi-gcc "../Core/Src/main.c" -mcpu=cortex-m0 -std=gnu11 -g3 -DDEBUG -DUSE_HAL_DRIVER -DSTM32F030x8 -c -I../Core/Inc -I../Drivers/STM32F0xx_HAL_Driver/Inc -I../Drivers/STM32F0xx_HAL_Driver/Inc/Legacy -I../Drivers/CMSIS/Device/ST/STM32F0xx/Include -I../Drivers/CMSIS/Include -O0 -ffunction-sections -fdata-sections -Wall -fstack-usage -fcyclomatic-complexity -MMD -MP -MF"Core/Src/main.d" -MT"Core/Src/main.o" --specs=nano.specs -mfloat-abi=soft -mthumb -o "Core/Src/main.o"
../Core/Src/main.c: In function 'main':
../Core/Src/main.c:136:17: warning: implicit declaration of function 'sct_value' [-Wimplicit-function-declaration]
  136 |                 sct_value((raw_pot*(500+1))/4096, (raw_pot*9)/4096);
      |                 ^~~~~~~~~
../Core/Src/main.c:147:25: warning: implicit declaration of function 'snacf' [-Wimplicit-function-declaration]
  147 |                 switch (snacf(state)){
      |                         ^~~~~
../Core/Src/main.c:148:22: warning: character constant too long for its type
  148 |                 case 'SHOW_POT':
      |                      ^~~~~~~~~~
../Core/Src/main.c:150:22: warning: character constant too long for its type
  150 |                 case 'SHOW_VOLT':
      |                      ^~~~~~~~~~~
../Core/Src/main.c:152:22: warning: character constant too long for its type
  152 |                 case 'SHOW_TEMP':
      |                      ^~~~~~~~~~~
arm-none-eabi-gcc -o "cv4.elf" @"objects.list"   -mcpu=cortex-m0 -T"C:\Temp\xpecon00\MPC-MKS\cv4\cv4\STM32F030R8TX_FLASH.ld" --specs=nosys.specs -Wl,-Map="cv4.map" -Wl,--gc-sections -static --specs=nano.specs -mfloat-abi=soft -mthumb -Wl,--start-group -lc -lm -Wl,--end-group
C:/appz/ST/STM32CubeIDE_1.10.1/STM32CubeIDE/plugins/com.st.stm32cube.ide.mcu.externaltools.gnu-tools-for-stm32.11.3.rel1.win32_1.1.0.202305231506/tools/bin/../lib/gcc/arm-none-eabi/11.3.1/../../../../arm-none-eabi/bin/ld.exe: ./Core/Src/main.o: in function `main':
C:/Temp/xpecon00/MPC-MKS/cv4/cv4/Debug/../Core/Src/main.c:147: undefined reference to `snacf'
collect2.exe: error: ld returned 1 exit status
make: *** [makefile:64: cv4.elf] Error 1
"make -j4 all" terminated with exit code 2. Build might be incomplete.
12:20:58 **** Incremental Build of configuration Debug for project cv4 ****
make -j4 all 
arm-none-eabi-gcc "../Core/Src/main.c" -mcpu=cortex-m0 -std=gnu11 -g3 -DDEBUG -DUSE_HAL_DRIVER -DSTM32F030x8 -c -I../Core/Inc -I../Drivers/STM32F0xx_HAL_Driver/Inc -I../Drivers/STM32F0xx_HAL_Driver/Inc/Legacy -I../Drivers/CMSIS/Device/ST/STM32F0xx/Include -I../Drivers/CMSIS/Include -O0 -ffunction-sections -fdata-sections -Wall -fstack-usage -fcyclomatic-complexity -MMD -MP -MF"Core/Src/main.d" -MT"Core/Src/main.o" --specs=nano.specs -mfloat-abi=soft -mthumb -o "Core/Src/main.o"
../Core/Src/main.c: In function 'main':
../Core/Src/main.c:136:17: warning: implicit declaration of function 'sct_value' [-Wimplicit-function-declaration]
  136 |                 sct_value((raw_pot*(500+1))/4096, (raw_pot*9)/4096);
      |                 ^~~~~~~~~
../Core/Src/main.c:147:25: warning: implicit declaration of function 'gets' [-Wimplicit-function-declaration]
  147 |                 switch (gets(state)){
      |                         ^~~~
../Core/Src/main.c:148:22: warning: character constant too long for its type
  148 |                 case 'SHOW_POT':
      |                      ^~~~~~~~~~
../Core/Src/main.c:150:22: warning: character constant too long for its type
  150 |                 case 'SHOW_VOLT':
      |                      ^~~~~~~~~~~
../Core/Src/main.c:152:22: warning: character constant too long for its type
  152 |                 case 'SHOW_TEMP':
      |                      ^~~~~~~~~~~
arm-none-eabi-gcc -o "cv4.elf" @"objects.list"   -mcpu=cortex-m0 -T"C:\Temp\xpecon00\MPC-MKS\cv4\cv4\STM32F030R8TX_FLASH.ld" --specs=nosys.specs -Wl,-Map="cv4.map" -Wl,--gc-sections -static --specs=nano.specs -mfloat-abi=soft -mthumb -Wl,--start-group -lc -lm -Wl,--end-group
Finished building target: cv4.elf
 
arm-none-eabi-size   cv4.elf 
arm-none-eabi-objdump -h -S  cv4.elf  > "cv4.list"
   text	   data	    bss	    dec	    hex	filename
  14024	    112	   2128	  16264	   3f88	cv4.elf
Finished building: default.size.stdout
 
Finished building: cv4.list
 
12:26:04 **** Incremental Build of configuration Debug for project cv4 ****
make -j4 all 
arm-none-eabi-size   cv4.elf 
   text	   data	    bss	    dec	    hex	filename
  14024	    112	   2128	  16264	   3f88	cv4.elf
Finished building: default.size.stdout
 
12:26:44 **** Incremental Build of configuration Debug for project cv4 ****
make -j4 all 
arm-none-eabi-size   cv4.elf 
   text	   data	    bss	    dec	    hex	filename
  14024	    112	   2128	  16264	   3f88	cv4.elf
Finished building: default.size.stdout
 
12:27:08 **** Incremental Build of configuration Debug for project cv4 ****
make -j4 all 
arm-none-eabi-gcc "../Core/Src/main.c" -mcpu=cortex-m0 -std=gnu11 -g3 -DDEBUG -DUSE_HAL_DRIVER -DSTM32F030x8 -c -I../Core/Inc -I../Drivers/STM32F0xx_HAL_Driver/Inc -I../Drivers/STM32F0xx_HAL_Driver/Inc/Legacy -I../Drivers/CMSIS/Device/ST/STM32F0xx/Include -I../Drivers/CMSIS/Include -O0 -ffunction-sections -fdata-sections -Wall -fstack-usage -fcyclomatic-complexity -MMD -MP -MF"Core/Src/main.d" -MT"Core/Src/main.o" --specs=nano.specs -mfloat-abi=soft -mthumb -o "Core/Src/main.o"
../Core/Src/main.c: In function 'main':
../Core/Src/main.c:136:17: warning: implicit declaration of function 'sct_value' [-Wimplicit-function-declaration]
  136 |                 sct_value((raw_pot*(500+1))/4096, (raw_pot*9)/4096);
      |                 ^~~~~~~~~
../Core/Src/main.c:147:25: warning: implicit declaration of function 'gets' [-Wimplicit-function-declaration]
  147 |                 switch (gets(state)){
      |                         ^~~~
../Core/Src/main.c:148:22: warning: character constant too long for its type
  148 |                 case 'SHOW_POT':
      |                      ^~~~~~~~~~
../Core/Src/main.c:150:22: warning: character constant too long for its type
  150 |                 case 'SHOW_VOLT':
      |                      ^~~~~~~~~~~
../Core/Src/main.c:152:22: warning: character constant too long for its type
  152 |                 case 'SHOW_TEMP':
      |                      ^~~~~~~~~~~
arm-none-eabi-gcc -o "cv4.elf" @"objects.list"   -mcpu=cortex-m0 -T"C:\Temp\xpecon00\MPC-MKS\cv4\cv4\STM32F030R8TX_FLASH.ld" --specs=nosys.specs -Wl,-Map="cv4.map" -Wl,--gc-sections -static --specs=nano.specs -mfloat-abi=soft -mthumb -Wl,--start-group -lc -lm -Wl,--end-group
Finished building target: cv4.elf
 
arm-none-eabi-size   cv4.elf 
arm-none-eabi-objdump -h -S  cv4.elf  > "cv4.list"
   text	   data	    bss	    dec	    hex	filename
  13984	    112	   2128	  16224	   3f60	cv4.elf
Finished building: default.size.stdout
 
Finished building: cv4.list
 
12:29:08 **** Incremental Build of configuration Debug for project cv4 ****
make -j4 all 
arm-none-eabi-gcc "../Core/Src/main.c" -mcpu=cortex-m0 -std=gnu11 -g3 -DDEBUG -DUSE_HAL_DRIVER -DSTM32F030x8 -c -I../Core/Inc -I../Drivers/STM32F0xx_HAL_Driver/Inc -I../Drivers/STM32F0xx_HAL_Driver/Inc/Legacy -I../Drivers/CMSIS/Device/ST/STM32F0xx/Include -I../Drivers/CMSIS/Include -O0 -ffunction-sections -fdata-sections -Wall -fstack-usage -fcyclomatic-complexity -MMD -MP -MF"Core/Src/main.d" -MT"Core/Src/main.o" --specs=nano.specs -mfloat-abi=soft -mthumb -o "Core/Src/main.o"
../Core/Src/main.c: In function 'main':
../Core/Src/main.c:136:17: warning: implicit declaration of function 'sct_value' [-Wimplicit-function-declaration]
  136 |                 sct_value((raw_pot*(500+1))/4096, (raw_pot*9)/4096);
      |                 ^~~~~~~~~
../Core/Src/main.c:139:26: warning: unused variable 'voltage' [-Wunused-variable]
  139 |                 uint32_t voltage = 330 * (*VREFINT_CAL_ADDR) / raw_volt;
      |                          ^~~~~~~
arm-none-eabi-gcc -o "cv4.elf" @"objects.list"   -mcpu=cortex-m0 -T"C:\Temp\xpecon00\MPC-MKS\cv4\cv4\STM32F030R8TX_FLASH.ld" --specs=nosys.specs -Wl,-Map="cv4.map" -Wl,--gc-sections -static --specs=nano.specs -mfloat-abi=soft -mthumb -Wl,--start-group -lc -lm -Wl,--end-group
Finished building target: cv4.elf
 
arm-none-eabi-size   cv4.elf 
arm-none-eabi-objdump -h -S  cv4.elf  > "cv4.list"
   text	   data	    bss	    dec	    hex	filename
  11268	     20	   1788	  13076	   3314	cv4.elf
Finished building: default.size.stdout
 
Finished building: cv4.list
 
12:39:44 **** Incremental Build of configuration Debug for project cv4 ****
make -j4 all 
arm-none-eabi-gcc "../Core/Src/main.c" -mcpu=cortex-m0 -std=gnu11 -g3 -DDEBUG -DUSE_HAL_DRIVER -DSTM32F030x8 -c -I../Core/Inc -I../Drivers/STM32F0xx_HAL_Driver/Inc -I../Drivers/STM32F0xx_HAL_Driver/Inc/Legacy -I../Drivers/CMSIS/Device/ST/STM32F0xx/Include -I../Drivers/CMSIS/Include -O0 -ffunction-sections -fdata-sections -Wall -fstack-usage -fcyclomatic-complexity -MMD -MP -MF"Core/Src/main.d" -MT"Core/Src/main.o" --specs=nano.specs -mfloat-abi=soft -mthumb -o "Core/Src/main.o"
../Core/Src/main.c: In function 'main':
../Core/Src/main.c:134:9: error: expected '=', ',', ';', 'asm' or '__attribute__' before 'while'
  134 |         while (1)
      |         ^~~~~
../Core/Src/main.c:152:25: warning: implicit declaration of function 'sct_value' [-Wimplicit-function-declaration]
  152 |                         sct_value((raw_pot*(500+1))/4096, (raw_pot*9)/4096);
      |                         ^~~~~~~~~
../Core/Src/main.c:149:26: warning: unused variable 'new_s2' [-Wunused-variable]
  149 |                 uint32_t new_s2 = HAL_GPIO_ReadPin(S2_GPIO_Port, S2_Pin);
      |                          ^~~~~~
../Core/Src/main.c:146:33: warning: unused variable 'old_s2' [-Wunused-variable]
  146 |                 static uint32_t old_s2;
      |                                 ^~~~~~
../Core/Src/main.c:145:64: warning: unused variable 'state' [-Wunused-variable]
  145 |                 static enum { SHOW_POT, SHOW_VOLT, SHOW_TEMP } state = SHOW_POT;
      |                                                                ^~~~~
../Core/Src/main.c:139:26: warning: unused variable 'voltage' [-Wunused-variable]
  139 |                 uint32_t voltage = 330 * (*VREFINT_CAL_ADDR) / raw_volt;
      |                          ^~~~~~~
At top level:
../Core/Src/main.c:145:64: warning: 'state' defined but not used [-Wunused-variable]
  145 |                 static enum { SHOW_POT, SHOW_VOLT, SHOW_TEMP } state = SHOW_POT;
      |                                                                ^~~~~
../Core/Src/main.c:146:33: warning: 'old_s2' defined but not used [-Wunused-variable]
  146 |                 static uint32_t old_s2;
      |                                 ^~~~~~
make: *** [Core/Src/subdir.mk:37: Core/Src/main.o] Error 1
"make -j4 all" terminated with exit code 2. Build might be incomplete.
12:41:25 **** Incremental Build of configuration Debug for project cv4 ****
make -j4 all 
arm-none-eabi-gcc "../Core/Src/main.c" -mcpu=cortex-m0 -std=gnu11 -g3 -DDEBUG -DUSE_HAL_DRIVER -DSTM32F030x8 -c -I../Core/Inc -I../Drivers/STM32F0xx_HAL_Driver/Inc -I../Drivers/STM32F0xx_HAL_Driver/Inc/Legacy -I../Drivers/CMSIS/Device/ST/STM32F0xx/Include -I../Drivers/CMSIS/Include -O0 -ffunction-sections -fdata-sections -Wall -fstack-usage -fcyclomatic-complexity -MMD -MP -MF"Core/Src/main.d" -MT"Core/Src/main.o" --specs=nano.specs -mfloat-abi=soft -mthumb -o "Core/Src/main.o"
../Core/Src/main.c: In function 'main':
../Core/Src/main.c:152:25: warning: implicit declaration of function 'sct_value' [-Wimplicit-function-declaration]
  152 |                         sct_value((raw_pot*(500+1))/4096, (raw_pot*9)/4096);
      |                         ^~~~~~~~~
../Core/Src/main.c:149:26: warning: unused variable 'new_s2' [-Wunused-variable]
  149 |                 uint32_t new_s2 = HAL_GPIO_ReadPin(S2_GPIO_Port, S2_Pin);
      |                          ^~~~~~
../Core/Src/main.c:146:33: warning: unused variable 'old_s2' [-Wunused-variable]
  146 |                 static uint32_t old_s2;
      |                                 ^~~~~~
../Core/Src/main.c:145:64: warning: unused variable 'state' [-Wunused-variable]
  145 |                 static enum { SHOW_POT, SHOW_VOLT, SHOW_TEMP } state = SHOW_POT;
      |                                                                ^~~~~
../Core/Src/main.c:139:26: warning: unused variable 'voltage' [-Wunused-variable]
  139 |                 uint32_t voltage = 330 * (*VREFINT_CAL_ADDR) / raw_volt;
      |                          ^~~~~~~
At top level:
../Core/Src/main.c:145:64: warning: 'state' defined but not used [-Wunused-variable]
  145 |                 static enum { SHOW_POT, SHOW_VOLT, SHOW_TEMP } state = SHOW_POT;
      |                                                                ^~~~~
../Core/Src/main.c:146:33: warning: 'old_s2' defined but not used [-Wunused-variable]
  146 |                 static uint32_t old_s2;
      |                                 ^~~~~~
arm-none-eabi-gcc -o "cv4.elf" @"objects.list"   -mcpu=cortex-m0 -T"C:\Temp\xpecon00\MPC-MKS\cv4\cv4\STM32F030R8TX_FLASH.ld" --specs=nosys.specs -Wl,-Map="cv4.map" -Wl,--gc-sections -static --specs=nano.specs -mfloat-abi=soft -mthumb -Wl,--start-group -lc -lm -Wl,--end-group
Finished building target: cv4.elf
 
arm-none-eabi-size   cv4.elf 
arm-none-eabi-objdump -h -S  cv4.elf  > "cv4.list"
   text	   data	    bss	    dec	    hex	filename
  11368	     20	   1788	  13176	   3378	cv4.elf
Finished building: default.size.stdout
 
Finished building: cv4.list
 
12:42:09 **** Incremental Build of configuration Debug for project cv4 ****
make -j4 all 
arm-none-eabi-gcc "../Core/Src/main.c" -mcpu=cortex-m0 -std=gnu11 -g3 -DDEBUG -DUSE_HAL_DRIVER -DSTM32F030x8 -c -I../Core/Inc -I../Drivers/STM32F0xx_HAL_Driver/Inc -I../Drivers/STM32F0xx_HAL_Driver/Inc/Legacy -I../Drivers/CMSIS/Device/ST/STM32F0xx/Include -I../Drivers/CMSIS/Include -O0 -ffunction-sections -fdata-sections -Wall -fstack-usage -fcyclomatic-complexity -MMD -MP -MF"Core/Src/main.d" -MT"Core/Src/main.o" --specs=nano.specs -mfloat-abi=soft -mthumb -o "Core/Src/main.o"
../Core/Src/main.c: In function 'main':
../Core/Src/main.c:152:25: warning: implicit declaration of function 'sct_value' [-Wimplicit-function-declaration]
  152 |                         sct_value((raw_pot*(500+1))/4096, (raw_pot*9)/4096);
      |                         ^~~~~~~~~
../Core/Src/main.c:149:26: warning: unused variable 'new_s2' [-Wunused-variable]
  149 |                 uint32_t new_s2 = HAL_GPIO_ReadPin(S2_GPIO_Port, S2_Pin);
      |                          ^~~~~~
../Core/Src/main.c:146:33: warning: unused variable 'old_s2' [-Wunused-variable]
  146 |                 static uint32_t old_s2;
      |                                 ^~~~~~
../Core/Src/main.c:145:64: warning: unused variable 'state' [-Wunused-variable]
  145 |                 static enum { SHOW_POT, SHOW_VOLT, SHOW_TEMP } state = SHOW_POT;
      |                                                                ^~~~~
../Core/Src/main.c:139:26: warning: unused variable 'voltage' [-Wunused-variable]
  139 |                 uint32_t voltage = 330 * (*VREFINT_CAL_ADDR) / raw_volt;
      |                          ^~~~~~~
At top level:
../Core/Src/main.c:145:64: warning: 'state' defined but not used [-Wunused-variable]
  145 |                 static enum { SHOW_POT, SHOW_VOLT, SHOW_TEMP } state = SHOW_POT;
      |                                                                ^~~~~
../Core/Src/main.c:146:33: warning: 'old_s2' defined but not used [-Wunused-variable]
  146 |                 static uint32_t old_s2;
      |                                 ^~~~~~
arm-none-eabi-gcc -o "cv4.elf" @"objects.list"   -mcpu=cortex-m0 -T"C:\Temp\xpecon00\MPC-MKS\cv4\cv4\STM32F030R8TX_FLASH.ld" --specs=nosys.specs -Wl,-Map="cv4.map" -Wl,--gc-sections -static --specs=nano.specs -mfloat-abi=soft -mthumb -Wl,--start-group -lc -lm -Wl,--end-group
Finished building target: cv4.elf
 
arm-none-eabi-size   cv4.elf 
arm-none-eabi-objdump -h -S  cv4.elf  > "cv4.list"
   text	   data	    bss	    dec	    hex	filename
  11376	     20	   1788	  13184	   3380	cv4.elf
Finished building: default.size.stdout
 
Finished building: cv4.list
 
12:42:46 **** Incremental Build of configuration Debug for project cv4 ****
make -j4 all 
arm-none-eabi-gcc "../Core/Src/main.c" -mcpu=cortex-m0 -std=gnu11 -g3 -DDEBUG -DUSE_HAL_DRIVER -DSTM32F030x8 -c -I../Core/Inc -I../Drivers/STM32F0xx_HAL_Driver/Inc -I../Drivers/STM32F0xx_HAL_Driver/Inc/Legacy -I../Drivers/CMSIS/Device/ST/STM32F0xx/Include -I../Drivers/CMSIS/Include -O0 -ffunction-sections -fdata-sections -Wall -fstack-usage -fcyclomatic-complexity -MMD -MP -MF"Core/Src/main.d" -MT"Core/Src/main.o" --specs=nano.specs -mfloat-abi=soft -mthumb -o "Core/Src/main.o"
../Core/Src/main.c: In function 'main':
../Core/Src/main.c:152:25: warning: implicit declaration of function 'sct_value' [-Wimplicit-function-declaration]
  152 |                         sct_value((raw_pot*(500+1))/4096, (raw_pot*9)/4096);
      |                         ^~~~~~~~~
../Core/Src/main.c:149:26: warning: unused variable 'new_s2' [-Wunused-variable]
  149 |                 uint32_t new_s2 = HAL_GPIO_ReadPin(S2_GPIO_Port, S2_Pin);
      |                          ^~~~~~
../Core/Src/main.c:146:33: warning: unused variable 'old_s2' [-Wunused-variable]
  146 |                 static uint32_t old_s2;
      |                                 ^~~~~~
../Core/Src/main.c:145:64: warning: unused variable 'state' [-Wunused-variable]
  145 |                 static enum { SHOW_POT, SHOW_VOLT, SHOW_TEMP } state = SHOW_POT;
      |                                                                ^~~~~
../Core/Src/main.c:139:26: warning: unused variable 'voltage' [-Wunused-variable]
  139 |                 uint32_t voltage = 330 * (*VREFINT_CAL_ADDR) / raw_volt;
      |                          ^~~~~~~
At top level:
../Core/Src/main.c:145:64: warning: 'state' defined but not used [-Wunused-variable]
  145 |                 static enum { SHOW_POT, SHOW_VOLT, SHOW_TEMP } state = SHOW_POT;
      |                                                                ^~~~~
../Core/Src/main.c:146:33: warning: 'old_s2' defined but not used [-Wunused-variable]
  146 |                 static uint32_t old_s2;
      |                                 ^~~~~~
arm-none-eabi-gcc -o "cv4.elf" @"objects.list"   -mcpu=cortex-m0 -T"C:\Temp\xpecon00\MPC-MKS\cv4\cv4\STM32F030R8TX_FLASH.ld" --specs=nosys.specs -Wl,-Map="cv4.map" -Wl,--gc-sections -static --specs=nano.specs -mfloat-abi=soft -mthumb -Wl,--start-group -lc -lm -Wl,--end-group
Finished building target: cv4.elf
 
arm-none-eabi-size   cv4.elf 
arm-none-eabi-objdump -h -S  cv4.elf  > "cv4.list"
   text	   data	    bss	    dec	    hex	filename
  11376	     20	   1788	  13184	   3380	cv4.elf
Finished building: default.size.stdout
 
Finished building: cv4.list
 
12:44:57 **** Incremental Build of configuration Debug for project cv4 ****
make -j4 all 
arm-none-eabi-gcc "../Core/Src/main.c" -mcpu=cortex-m0 -std=gnu11 -g3 -DDEBUG -DUSE_HAL_DRIVER -DSTM32F030x8 -c -I../Core/Inc -I../Drivers/STM32F0xx_HAL_Driver/Inc -I../Drivers/STM32F0xx_HAL_Driver/Inc/Legacy -I../Drivers/CMSIS/Device/ST/STM32F0xx/Include -I../Drivers/CMSIS/Include -O0 -ffunction-sections -fdata-sections -Wall -fstack-usage -fcyclomatic-complexity -MMD -MP -MF"Core/Src/main.d" -MT"Core/Src/main.o" --specs=nano.specs -mfloat-abi=soft -mthumb -o "Core/Src/main.o"
../Core/Src/main.c: In function 'main':
../Core/Src/main.c:152:25: warning: implicit declaration of function 'gets' [-Wimplicit-function-declaration]
  152 |                 switch (gets(state)){
      |                         ^~~~
../Core/Src/main.c:156:25: error: too few arguments to function 'sct_value'
  156 |                         sct_value(voltage);
      |                         ^~~~~~~~~
In file included from ../Core/Src/main.c:21:
../Core/Src/sct.c:90:6: note: declared here
   90 | void sct_value(uint16_t value, uint8_t led)
      |      ^~~~~~~~~
../Core/Src/main.c:158:25: error: too few arguments to function 'sct_value'
  158 |                         sct_value(temperature);
      |                         ^~~~~~~~~
In file included from ../Core/Src/main.c:21:
../Core/Src/sct.c:90:6: note: declared here
   90 | void sct_value(uint16_t value, uint8_t led)
      |      ^~~~~~~~~
../Core/Src/main.c:148:26: warning: unused variable 'new_s' [-Wunused-variable]
  148 |                 uint32_t new_s = HAL_GPIO_ReadPin(S1_GPIO_Port, S1_Pin);
      |                          ^~~~~
../Core/Src/main.c:147:26: warning: unused variable 'new_s1' [-Wunused-variable]
  147 |                 uint32_t new_s1 = HAL_GPIO_ReadPin(S1_GPIO_Port, S1_Pin);
      |                          ^~~~~~
make: *** [Core/Src/subdir.mk:37: Core/Src/main.o] Error 1
"make -j4 all" terminated with exit code 2. Build might be incomplete.
12:45:37 **** Incremental Build of configuration Debug for project cv4 ****
make -j4 all 
arm-none-eabi-gcc "../Core/Src/main.c" -mcpu=cortex-m0 -std=gnu11 -g3 -DDEBUG -DUSE_HAL_DRIVER -DSTM32F030x8 -c -I../Core/Inc -I../Drivers/STM32F0xx_HAL_Driver/Inc -I../Drivers/STM32F0xx_HAL_Driver/Inc/Legacy -I../Drivers/CMSIS/Device/ST/STM32F0xx/Include -I../Drivers/CMSIS/Include -O0 -ffunction-sections -fdata-sections -Wall -fstack-usage -fcyclomatic-complexity -MMD -MP -MF"Core/Src/main.d" -MT"Core/Src/main.o" --specs=nano.specs -mfloat-abi=soft -mthumb -o "Core/Src/main.o"
../Core/Src/main.c: In function 'main':
../Core/Src/main.c:152:25: warning: implicit declaration of function 'gets' [-Wimplicit-function-declaration]
  152 |                 switch (gets(state)){
      |                         ^~~~
../Core/Src/main.c:148:26: warning: unused variable 'new_s' [-Wunused-variable]
  148 |                 uint32_t new_s = HAL_GPIO_ReadPin(S1_GPIO_Port, S1_Pin);
      |                          ^~~~~
../Core/Src/main.c:147:26: warning: unused variable 'new_s1' [-Wunused-variable]
  147 |                 uint32_t new_s1 = HAL_GPIO_ReadPin(S1_GPIO_Port, S1_Pin);
      |                          ^~~~~~
arm-none-eabi-gcc -o "cv4.elf" @"objects.list"   -mcpu=cortex-m0 -T"C:\Temp\xpecon00\MPC-MKS\cv4\cv4\STM32F030R8TX_FLASH.ld" --specs=nosys.specs -Wl,-Map="cv4.map" -Wl,--gc-sections -static --specs=nano.specs -mfloat-abi=soft -mthumb -Wl,--start-group -lc -lm -Wl,--end-group
C:/appz/ST/STM32CubeIDE_1.10.1/STM32CubeIDE/plugins/com.st.stm32cube.ide.mcu.externaltools.gnu-tools-for-stm32.11.3.rel1.win32_1.1.0.202305231506/tools/bin/../lib/gcc/arm-none-eabi/11.3.1/../../../../arm-none-eabi/bin/ld.exe: ./Core/Src/sct.o: in function `sct_init':
C:/Temp/xpecon00/MPC-MKS/cv4/cv4/Debug/../Core/Src/sct.c:11: multiple definition of `sct_init'; ./Core/Src/main.o:C:/Temp/xpecon00/MPC-MKS/cv4/cv4/Debug/../Core/Src/sct.c:11: first defined here
C:/appz/ST/STM32CubeIDE_1.10.1/STM32CubeIDE/plugins/com.st.stm32cube.ide.mcu.externaltools.gnu-tools-for-stm32.11.3.rel1.win32_1.1.0.202305231506/tools/bin/../lib/gcc/arm-none-eabi/11.3.1/../../../../arm-none-eabi/bin/ld.exe: ./Core/Src/sct.o: in function `sct_led':
C:/Temp/xpecon00/MPC-MKS/cv4/cv4/Debug/../Core/Src/sct.c:16: multiple definition of `sct_led'; ./Core/Src/main.o:C:/Temp/xpecon00/MPC-MKS/cv4/cv4/Debug/../Core/Src/sct.c:16: first defined here
C:/appz/ST/STM32CubeIDE_1.10.1/STM32CubeIDE/plugins/com.st.stm32cube.ide.mcu.externaltools.gnu-tools-for-stm32.11.3.rel1.win32_1.1.0.202305231506/tools/bin/../lib/gcc/arm-none-eabi/11.3.1/../../../../arm-none-eabi/bin/ld.exe: ./Core/Src/sct.o: in function `sct_value':
C:/Temp/xpecon00/MPC-MKS/cv4/cv4/Debug/../Core/Src/sct.c:91: multiple definition of `sct_value'; ./Core/Src/main.o:C:/Temp/xpecon00/MPC-MKS/cv4/cv4/Debug/../Core/Src/sct.c:91: first defined here
collect2.exe: error: ld returned 1 exit status
make: *** [makefile:64: cv4.elf] Error 1
"make -j4 all" terminated with exit code 2. Build might be incomplete.
12:46:17 **** Incremental Build of configuration Debug for project cv4 ****
make -j4 all 
arm-none-eabi-gcc "../Core/Src/main.c" -mcpu=cortex-m0 -std=gnu11 -g3 -DDEBUG -DUSE_HAL_DRIVER -DSTM32F030x8 -c -I../Core/Inc -I../Drivers/STM32F0xx_HAL_Driver/Inc -I../Drivers/STM32F0xx_HAL_Driver/Inc/Legacy -I../Drivers/CMSIS/Device/ST/STM32F0xx/Include -I../Drivers/CMSIS/Include -O0 -ffunction-sections -fdata-sections -Wall -fstack-usage -fcyclomatic-complexity -MMD -MP -MF"Core/Src/main.d" -MT"Core/Src/main.o" --specs=nano.specs -mfloat-abi=soft -mthumb -o "Core/Src/main.o"
../Core/Src/main.c: In function 'main':
../Core/Src/main.c:152:25: warning: implicit declaration of function 'gets' [-Wimplicit-function-declaration]
  152 |                 switch (gets(state)){
      |                         ^~~~
../Core/Src/main.c:148:26: warning: unused variable 'new_s' [-Wunused-variable]
  148 |                 uint32_t new_s = HAL_GPIO_ReadPin(S1_GPIO_Port, S1_Pin);
      |                          ^~~~~
../Core/Src/main.c:147:26: warning: unused variable 'new_s1' [-Wunused-variable]
  147 |                 uint32_t new_s1 = HAL_GPIO_ReadPin(S1_GPIO_Port, S1_Pin);
      |                          ^~~~~~
arm-none-eabi-gcc -o "cv4.elf" @"objects.list"   -mcpu=cortex-m0 -T"C:\Temp\xpecon00\MPC-MKS\cv4\cv4\STM32F030R8TX_FLASH.ld" --specs=nosys.specs -Wl,-Map="cv4.map" -Wl,--gc-sections -static --specs=nano.specs -mfloat-abi=soft -mthumb -Wl,--start-group -lc -lm -Wl,--end-group
Finished building target: cv4.elf
 
arm-none-eabi-size   cv4.elf 
arm-none-eabi-objdump -h -S  cv4.elf  > "cv4.list"
   text	   data	    bss	    dec	    hex	filename
  14072	    112	   2128	  16312	   3fb8	cv4.elf
Finished building: default.size.stdout
 
Finished building: cv4.list
 
12:51:08 **** Incremental Build of configuration Debug for project cv4 ****
make -j4 all 
arm-none-eabi-gcc "../Core/Src/main.c" -mcpu=cortex-m0 -std=gnu11 -g3 -DDEBUG -DUSE_HAL_DRIVER -DSTM32F030x8 -c -I../Core/Inc -I../Drivers/STM32F0xx_HAL_Driver/Inc -I../Drivers/STM32F0xx_HAL_Driver/Inc/Legacy -I../Drivers/CMSIS/Device/ST/STM32F0xx/Include -I../Drivers/CMSIS/Include -O0 -ffunction-sections -fdata-sections -Wall -fstack-usage -fcyclomatic-complexity -MMD -MP -MF"Core/Src/main.d" -MT"Core/Src/main.o" --specs=nano.specs -mfloat-abi=soft -mthumb -o "Core/Src/main.o"
../Core/Src/main.c: In function 'main':
../Core/Src/main.c:157:17: error: case label does not reduce to an integer constant
  157 |                 case new_s1 != old_s1 :
      |                 ^~~~
../Core/Src/main.c:162:17: error: case label does not reduce to an integer constant
  162 |                 case new_s2 != old_s2 :
      |                 ^~~~
../Core/Src/main.c:168:25: warning: implicit declaration of function 'gets' [-Wimplicit-function-declaration]
  168 |                 switch (gets(state)){
      |                         ^~~~
make: *** [Core/Src/subdir.mk:37: Core/Src/main.o] Error 1
"make -j4 all" terminated with exit code 2. Build might be incomplete.
12:51:18 **** Incremental Build of configuration Debug for project cv4 ****
make -j4 all 
arm-none-eabi-gcc "../Core/Src/main.c" -mcpu=cortex-m0 -std=gnu11 -g3 -DDEBUG -DUSE_HAL_DRIVER -DSTM32F030x8 -c -I../Core/Inc -I../Drivers/STM32F0xx_HAL_Driver/Inc -I../Drivers/STM32F0xx_HAL_Driver/Inc/Legacy -I../Drivers/CMSIS/Device/ST/STM32F0xx/Include -I../Drivers/CMSIS/Include -O0 -ffunction-sections -fdata-sections -Wall -fstack-usage -fcyclomatic-complexity -MMD -MP -MF"Core/Src/main.d" -MT"Core/Src/main.o" --specs=nano.specs -mfloat-abi=soft -mthumb -o "Core/Src/main.o"
../Core/Src/main.c: In function 'main':
../Core/Src/main.c:157:17: error: case label does not reduce to an integer constant
  157 |                 case new_s1 != old_s1:
      |                 ^~~~
../Core/Src/main.c:162:17: error: case label does not reduce to an integer constant
  162 |                 case new_s2 != old_s2:
      |                 ^~~~
../Core/Src/main.c:168:25: warning: implicit declaration of function 'gets' [-Wimplicit-function-declaration]
  168 |                 switch (gets(state)){
      |                         ^~~~
make: *** [Core/Src/subdir.mk:37: Core/Src/main.o] Error 1
"make -j4 all" terminated with exit code 2. Build might be incomplete.
12:53:18 **** Incremental Build of configuration Debug for project cv4 ****
make -j4 all 
arm-none-eabi-gcc "../Core/Src/main.c" -mcpu=cortex-m0 -std=gnu11 -g3 -DDEBUG -DUSE_HAL_DRIVER -DSTM32F030x8 -c -I../Core/Inc -I../Drivers/STM32F0xx_HAL_Driver/Inc -I../Drivers/STM32F0xx_HAL_Driver/Inc/Legacy -I../Drivers/CMSIS/Device/ST/STM32F0xx/Include -I../Drivers/CMSIS/Include -O0 -ffunction-sections -fdata-sections -Wall -fstack-usage -fcyclomatic-complexity -MMD -MP -MF"Core/Src/main.d" -MT"Core/Src/main.o" --specs=nano.specs -mfloat-abi=soft -mthumb -o "Core/Src/main.o"
../Core/Src/main.c: In function 'main':
../Core/Src/main.c:149:26: warning: unused variable 'new_s2' [-Wunused-variable]
  149 |                 uint32_t new_s2 = HAL_GPIO_ReadPin(S1_GPIO_Port, S1_Pin);
      |                          ^~~~~~
../Core/Src/main.c:147:26: warning: unused variable 'old_s2' [-Wunused-variable]
  147 |                 uint32_t old_s2;
      |                          ^~~~~~
../Core/Src/main.c:155:20: warning: 'old_s1' is used uninitialized [-Wuninitialized]
  155 |                 if (old_s1 != new_s1)
      |                    ^
arm-none-eabi-gcc -o "cv4.elf" @"objects.list"   -mcpu=cortex-m0 -T"C:\Temp\xpecon00\MPC-MKS\cv4\cv4\STM32F030R8TX_FLASH.ld" --specs=nosys.specs -Wl,-Map="cv4.map" -Wl,--gc-sections -static --specs=nano.specs -mfloat-abi=soft -mthumb -Wl,--start-group -lc -lm -Wl,--end-group
Finished building target: cv4.elf
 
arm-none-eabi-size   cv4.elf 
arm-none-eabi-objdump -h -S  cv4.elf  > "cv4.list"
   text	   data	    bss	    dec	    hex	filename
  11448	     20	   1788	  13256	   33c8	cv4.elf
Finished building: default.size.stdout
 
Finished building: cv4.list
 
12:54:15 **** Incremental Build of configuration Debug for project cv4 ****
make -j4 all 
arm-none-eabi-gcc "../Core/Src/main.c" -mcpu=cortex-m0 -std=gnu11 -g3 -DDEBUG -DUSE_HAL_DRIVER -DSTM32F030x8 -c -I../Core/Inc -I../Drivers/STM32F0xx_HAL_Driver/Inc -I../Drivers/STM32F0xx_HAL_Driver/Inc/Legacy -I../Drivers/CMSIS/Device/ST/STM32F0xx/Include -I../Drivers/CMSIS/Include -O0 -ffunction-sections -fdata-sections -Wall -fstack-usage -fcyclomatic-complexity -MMD -MP -MF"Core/Src/main.d" -MT"Core/Src/main.o" --specs=nano.specs -mfloat-abi=soft -mthumb -o "Core/Src/main.o"
../Core/Src/main.c: In function 'main':
../Core/Src/main.c:149:26: warning: unused variable 'new_s2' [-Wunused-variable]
  149 |                 uint32_t new_s2 = HAL_GPIO_ReadPin(S1_GPIO_Port, S1_Pin);
      |                          ^~~~~~
../Core/Src/main.c:148:26: warning: unused variable 'new_s1' [-Wunused-variable]
  148 |                 uint32_t new_s1 = HAL_GPIO_ReadPin(S1_GPIO_Port, S1_Pin);
      |                          ^~~~~~
../Core/Src/main.c:147:26: warning: unused variable 'old_s2' [-Wunused-variable]
  147 |                 uint32_t old_s2;
      |                          ^~~~~~
../Core/Src/main.c:146:26: warning: unused variable 'old_s1' [-Wunused-variable]
  146 |                 uint32_t old_s1;
      |                          ^~~~~~
arm-none-eabi-gcc -o "cv4.elf" @"objects.list"   -mcpu=cortex-m0 -T"C:\Temp\xpecon00\MPC-MKS\cv4\cv4\STM32F030R8TX_FLASH.ld" --specs=nosys.specs -Wl,-Map="cv4.map" -Wl,--gc-sections -static --specs=nano.specs -mfloat-abi=soft -mthumb -Wl,--start-group -lc -lm -Wl,--end-group
Finished building target: cv4.elf
 
arm-none-eabi-size   cv4.elf 
arm-none-eabi-objdump -h -S  cv4.elf  > "cv4.list"
   text	   data	    bss	    dec	    hex	filename
  11536	     20	   1788	  13344	   3420	cv4.elf
Finished building: default.size.stdout
 
Finished building: cv4.list
 
12:54:43 **** Incremental Build of configuration Debug for project cv4 ****
make -j4 all 
arm-none-eabi-gcc "../Core/Src/main.c" -mcpu=cortex-m0 -std=gnu11 -g3 -DDEBUG -DUSE_HAL_DRIVER -DSTM32F030x8 -c -I../Core/Inc -I../Drivers/STM32F0xx_HAL_Driver/Inc -I../Drivers/STM32F0xx_HAL_Driver/Inc/Legacy -I../Drivers/CMSIS/Device/ST/STM32F0xx/Include -I../Drivers/CMSIS/Include -O0 -ffunction-sections -fdata-sections -Wall -fstack-usage -fcyclomatic-complexity -MMD -MP -MF"Core/Src/main.d" -MT"Core/Src/main.o" --specs=nano.specs -mfloat-abi=soft -mthumb -o "Core/Src/main.o"
../Core/Src/main.c: In function 'main':
../Core/Src/main.c:127:18: warning: unused variable 'new_s2' [-Wunused-variable]
  127 |         uint32_t new_s2 = HAL_GPIO_ReadPin(S1_GPIO_Port, S1_Pin);
      |                  ^~~~~~
../Core/Src/main.c:126:18: warning: unused variable 'new_s1' [-Wunused-variable]
  126 |         uint32_t new_s1 = HAL_GPIO_ReadPin(S1_GPIO_Port, S1_Pin);
      |                  ^~~~~~
../Core/Src/main.c:125:18: warning: unused variable 'old_s2' [-Wunused-variable]
  125 |         uint32_t old_s2;
      |                  ^~~~~~
../Core/Src/main.c:124:18: warning: unused variable 'old_s1' [-Wunused-variable]
  124 |         uint32_t old_s1;
      |                  ^~~~~~
arm-none-eabi-gcc -o "cv4.elf" @"objects.list"   -mcpu=cortex-m0 -T"C:\Temp\xpecon00\MPC-MKS\cv4\cv4\STM32F030R8TX_FLASH.ld" --specs=nosys.specs -Wl,-Map="cv4.map" -Wl,--gc-sections -static --specs=nano.specs -mfloat-abi=soft -mthumb -Wl,--start-group -lc -lm -Wl,--end-group
Finished building target: cv4.elf
 
arm-none-eabi-size   cv4.elf 
arm-none-eabi-objdump -h -S  cv4.elf  > "cv4.list"
   text	   data	    bss	    dec	    hex	filename
  11516	     20	   1788	  13324	   340c	cv4.elf
Finished building: default.size.stdout
 
Finished building: cv4.list
 
